# JRE version: Java(TM) SE Runtime Environment (8.0_162-b12) (build 1.8.0_162-b12)
# Java VM: Java HotSpot(TM) 64-Bit Server VM (25.162-b12 mixed mode windows-amd64 compressed oops)
Heap:
 PSYoungGen      total 257024K, used 1571K [0x00000000eab00000, 0x0000000100000000, 0x0000000100000000)
  eden space 181248K, 0% used [0x00000000eab00000,0x00000000eac88e60,0x00000000f5c00000)
  from space 75776K, 0% used [0x00000000fb600000,0x00000000fb600000,0x0000000100000000)
  to   space 83968K, 0% used [0x00000000f5c00000,0x00000000f5c00000,0x00000000fae00000)
 ParOldGen       total 565760K, used 358262K [0x00000000c0000000, 0x00000000e2880000, 0x00000000eab00000)
  object space 565760K, 63% used [0x00000000c0000000,0x00000000d5dddb20,0x00000000e2880000)
 Metaspace       used 529935K, capacity 534282K, committed 574228K, reserved 1499136K
  class space    used 102771K, capacity 104029K, committed 123948K, reserved 1048576K
GC Heap History (10 events):
Event: 4645.576 GC heap before
{Heap before GC invocations=54 (full 7):
 PSYoungGen      total 271872K, used 271849K [0x00000000eab00000, 0x0000000100000000, 0x0000000100000000)
  eden space 208896K, 100% used [0x00000000eab00000,0x00000000f7700000,0x00000000f7700000)
  from space 62976K, 99% used [0x00000000fbc80000,0x00000000ff9fa658,0x00000000ffa00000)
  to   space 70144K, 0% used [0x00000000f7700000,0x00000000f7700000,0x00000000fbb80000)
 ParOldGen       total 441344K, used 341644K [0x00000000c0000000, 0x00000000daf00000, 0x00000000eab00000)
  object space 441344K, 77% used [0x00000000c0000000,0x00000000d4da3198,0x00000000daf00000)
 Metaspace       used 584781K, capacity 589396K, committed 589784K, reserved 1525760K
  class space    used 112682K, capacity 114050K, committed 114160K, reserved 1048576K
Event: 4645.742 GC heap after
Heap after GC invocations=54 (full 7):
 PSYoungGen      total 252416K, used 49015K [0x00000000eab00000, 0x00000000ffa80000, 0x0000000100000000)
  eden space 203264K, 0% used [0x00000000eab00000,0x00000000eab00000,0x00000000f7180000)
  from space 49152K, 99% used [0x00000000f7700000,0x00000000fa6ddc50,0x00000000fa700000)
  to   space 70144K, 0% used [0x00000000fb600000,0x00000000fb600000,0x00000000ffa80000)
 ParOldGen       total 441344K, used 372075K [0x00000000c0000000, 0x00000000daf00000, 0x00000000eab00000)
  object space 441344K, 84% used [0x00000000c0000000,0x00000000d6b5ae38,0x00000000daf00000)
 Metaspace       used 584781K, capacity 589396K, committed 589784K, reserved 1525760K
  class space    used 112682K, capacity 114050K, committed 114160K, reserved 1048576K
}
Event: 4684.689 GC heap before
{Heap before GC invocations=55 (full 7):
 PSYoungGen      total 252416K, used 252279K [0x00000000eab00000, 0x00000000ffa80000, 0x0000000100000000)
  eden space 203264K, 100% used [0x00000000eab00000,0x00000000f7180000,0x00000000f7180000)
  from space 49152K, 99% used [0x00000000f7700000,0x00000000fa6ddc50,0x00000000fa700000)
  to   space 70144K, 0% used [0x00000000fb600000,0x00000000fb600000,0x00000000ffa80000)
 ParOldGen       total 441344K, used 372075K [0x00000000c0000000, 0x00000000daf00000, 0x00000000eab00000)
  object space 441344K, 84% used [0x00000000c0000000,0x00000000d6b5ae38,0x00000000daf00000)
 Metaspace       used 607985K, capacity 612738K, committed 613080K, reserved 1544192K
  class space    used 117503K, capacity 118904K, committed 119024K, reserved 1048576K
Event: 4684.814 GC heap after
Heap after GC invocations=55 (full 7):
 PSYoungGen      total 267776K, used 64998K [0x00000000eab00000, 0x0000000100000000, 0x0000000100000000)
  eden space 197632K, 0% used [0x00000000eab00000,0x00000000eab00000,0x00000000f6c00000)
  from space 70144K, 92% used [0x00000000fb600000,0x00000000ff579998,0x00000000ffa80000)
  to   space 75776K, 0% used [0x00000000f6c00000,0x00000000f6c00000,0x00000000fb600000)
 ParOldGen       total 441344K, used 372178K [0x00000000c0000000, 0x00000000daf00000, 0x00000000eab00000)
  object space 441344K, 84% used [0x00000000c0000000,0x00000000d6b74808,0x00000000daf00000)
 Metaspace       used 607985K, capacity 612738K, committed 613080K, reserved 1544192K
  class space    used 117503K, capacity 118904K, committed 119024K, reserved 1048576K
}
Event: 4730.344 GC heap before
{Heap before GC invocations=56 (full 7):
 PSYoungGen      total 267776K, used 262630K [0x00000000eab00000, 0x0000000100000000, 0x0000000100000000)
  eden space 197632K, 100% used [0x00000000eab00000,0x00000000f6c00000,0x00000000f6c00000)
  from space 70144K, 92% used [0x00000000fb600000,0x00000000ff579998,0x00000000ffa80000)
  to   space 75776K, 0% used [0x00000000f6c00000,0x00000000f6c00000,0x00000000fb600000)
 ParOldGen       total 441344K, used 372178K [0x00000000c0000000, 0x00000000daf00000, 0x00000000eab00000)
  object space 441344K, 84% used [0x00000000c0000000,0x00000000d6b74808,0x00000000daf00000)
 Metaspace       used 628511K, capacity 633296K, committed 633688K, reserved 1560576K
  class space    used 121706K, capacity 123150K, committed 123248K, reserved 1048576K
Event: 4730.535 GC heap after
Heap after GC invocations=56 (full 7):
 PSYoungGen      total 268288K, used 75763K [0x00000000eab00000, 0x0000000100000000, 0x0000000100000000)
  eden space 192512K, 0% used [0x00000000eab00000,0x00000000eab00000,0x00000000f6700000)
  from space 75776K, 99% used [0x00000000f6c00000,0x00000000fb5fcdb8,0x00000000fb600000)
  to   space 75776K, 0% used [0x00000000fb600000,0x00000000fb600000,0x0000000100000000)
 ParOldGen       total 441344K, used 373718K [0x00000000c0000000, 0x00000000daf00000, 0x00000000eab00000)
  object space 441344K, 84% used [0x00000000c0000000,0x00000000d6cf5a40,0x00000000daf00000)
 Metaspace       used 628511K, capacity 633296K, committed 633688K, reserved 1560576K
  class space    used 121706K, capacity 123150K, committed 123248K, reserved 1048576K
}
Event: 4731.310 GC heap before
{Heap before GC invocations=57 (full 7):
 PSYoungGen      total 268288K, used 87661K [0x00000000eab00000, 0x0000000100000000, 0x0000000100000000)
  eden space 192512K, 6% used [0x00000000eab00000,0x00000000eb69e848,0x00000000f6700000)
  from space 75776K, 99% used [0x00000000f6c00000,0x00000000fb5fcdb8,0x00000000fb600000)
  to   space 75776K, 0% used [0x00000000fb600000,0x00000000fb600000,0x0000000100000000)
 ParOldGen       total 441344K, used 373718K [0x00000000c0000000, 0x00000000daf00000, 0x00000000eab00000)
  object space 441344K, 84% used [0x00000000c0000000,0x00000000d6cf5a40,0x00000000daf00000)
 Metaspace       used 630582K, capacity 635408K, committed 635668K, reserved 1560576K
  class space    used 122498K, capacity 123918K, committed 123948K, reserved 1048576K
Event: 4731.532 GC heap after
Heap after GC invocations=57 (full 7):
 PSYoungGen      total 257024K, used 32166K [0x00000000eab00000, 0x0000000100000000, 0x0000000100000000)
  eden space 181248K, 0% used [0x00000000eab00000,0x00000000eab00000,0x00000000f5c00000)
  from space 75776K, 42% used [0x00000000fb600000,0x00000000fd569968,0x0000000100000000)
  to   space 83968K, 0% used [0x00000000f5c00000,0x00000000f5c00000,0x00000000fae00000)
 ParOldGen       total 441344K, used 404652K [0x00000000c0000000, 0x00000000daf00000, 0x00000000eab00000)
  object space 441344K, 91% used [0x00000000c0000000,0x00000000d8b2b398,0x00000000daf00000)
 Metaspace       used 630582K, capacity 635408K, committed 635668K, reserved 1560576K
  class space    used 122498K, capacity 123918K, committed 123948K, reserved 1048576K
}
Event: 4731.532 GC heap before
{Heap before GC invocations=58 (full 8):
 PSYoungGen      total 257024K, used 32166K [0x00000000eab00000, 0x0000000100000000, 0x0000000100000000)
  eden space 181248K, 0% used [0x00000000eab00000,0x00000000eab00000,0x00000000f5c00000)
  from space 75776K, 42% used [0x00000000fb600000,0x00000000fd569968,0x0000000100000000)
  to   space 83968K, 0% used [0x00000000f5c00000,0x00000000f5c00000,0x00000000fae00000)
 ParOldGen       total 441344K, used 404652K [0x00000000c0000000, 0x00000000daf00000, 0x00000000eab00000)
  object space 441344K, 91% used [0x00000000c0000000,0x00000000d8b2b398,0x00000000daf00000)
 Metaspace       used 630582K, capacity 635408K, committed 635668K, reserved 1560576K
  class space    used 122498K, capacity 123918K, committed 123948K, reserved 1048576K
Event: 4735.712 GC heap after
Heap after GC invocations=58 (full 8):
 PSYoungGen      total 257024K, used 0K [0x00000000eab00000, 0x0000000100000000, 0x0000000100000000)
  eden space 181248K, 0% used [0x00000000eab00000,0x00000000eab00000,0x00000000f5c00000)
  from space 75776K, 0% used [0x00000000fb600000,0x00000000fb600000,0x0000000100000000)
  to   space 83968K, 0% used [0x00000000f5c00000,0x00000000f5c00000,0x00000000fae00000)
 ParOldGen       total 565760K, used 358262K [0x00000000c0000000, 0x00000000e2880000, 0x00000000eab00000)
  object space 565760K, 63% used [0x00000000c0000000,0x00000000d5dddb20,0x00000000e2880000)
 Metaspace       used 529612K, capacity 533930K, committed 574228K, reserved 1499136K
  class space    used 102704K, capacity 103933K, committed 123948K, reserved 1048576K
}

