# JRE version: Java(TM) SE Runtime Environment (8.0_162-b12) (build 1.8.0_162-b12)
# Java VM: Java HotSpot(TM) 64-Bit Server VM (25.162-b12 mixed mode windows-amd64 compressed oops)
Heap:
 PSYoungGen      total 232960K, used 1717K [0x00000000eab00000, 0x0000000100000000, 0x0000000100000000)
  eden space 116736K, 1% used [0x00000000eab00000,0x00000000eacad4c8,0x00000000f1d00000)
  from space 116224K, 0% used [0x00000000f8e80000,0x00000000f8e80000,0x0000000100000000)
  to   space 116224K, 0% used [0x00000000f1d00000,0x00000000f1d00000,0x00000000f8e80000)
 ParOldGen       total 570880K, used 292473K [0x00000000c0000000, 0x00000000e2d80000, 0x00000000eab00000)
  object space 570880K, 51% used [0x00000000c0000000,0x00000000d1d9e4d0,0x00000000e2d80000)
 Metaspace       used 432079K, capacity 436122K, committed 450352K, reserved 1411072K
  class space    used 83063K, capacity 84126K, committed 88112K, reserved 1048576K
GC Heap History (10 events):
Event: 1801.568 GC heap before
{Heap before GC invocations=41 (full 6):
 PSYoungGen      total 232960K, used 210396K [0x00000000eab00000, 0x0000000100000000, 0x0000000100000000)
  eden space 116736K, 100% used [0x00000000eab00000,0x00000000f1d00000,0x00000000f1d00000)
  from space 116224K, 80% used [0x00000000f8e80000,0x00000000fe9f7060,0x0000000100000000)
  to   space 116224K, 0% used [0x00000000f1d00000,0x00000000f1d00000,0x00000000f8e80000)
 ParOldGen       total 429056K, used 201684K [0x00000000c0000000, 0x00000000da300000, 0x00000000eab00000)
  object space 429056K, 47% used [0x00000000c0000000,0x00000000cc4f5160,0x00000000da300000)
 Metaspace       used 420938K, capacity 425018K, committed 425192K, reserved 1392640K
  class space    used 80584K, capacity 81638K, committed 81712K, reserved 1048576K
Event: 1801.958 GC heap after
Heap after GC invocations=41 (full 6):
 PSYoungGen      total 232960K, used 78548K [0x00000000eab00000, 0x0000000100000000, 0x0000000100000000)
  eden space 116736K, 0% used [0x00000000eab00000,0x00000000eab00000,0x00000000f1d00000)
  from space 116224K, 67% used [0x00000000f1d00000,0x00000000f69b53e8,0x00000000f8e80000)
  to   space 116224K, 0% used [0x00000000f8e80000,0x00000000f8e80000,0x0000000100000000)
 ParOldGen       total 429056K, used 228584K [0x00000000c0000000, 0x00000000da300000, 0x00000000eab00000)
  object space 429056K, 53% used [0x00000000c0000000,0x00000000cdf3a0c8,0x00000000da300000)
 Metaspace       used 420938K, capacity 425018K, committed 425192K, reserved 1392640K
  class space    used 80584K, capacity 81638K, committed 81712K, reserved 1048576K
}
Event: 1879.278 GC heap before
{Heap before GC invocations=42 (full 6):
 PSYoungGen      total 232960K, used 195284K [0x00000000eab00000, 0x0000000100000000, 0x0000000100000000)
  eden space 116736K, 100% used [0x00000000eab00000,0x00000000f1d00000,0x00000000f1d00000)
  from space 116224K, 67% used [0x00000000f1d00000,0x00000000f69b53e8,0x00000000f8e80000)
  to   space 116224K, 0% used [0x00000000f8e80000,0x00000000f8e80000,0x0000000100000000)
 ParOldGen       total 429056K, used 228584K [0x00000000c0000000, 0x00000000da300000, 0x00000000eab00000)
  object space 429056K, 53% used [0x00000000c0000000,0x00000000cdf3a0c8,0x00000000da300000)
 Metaspace       used 434157K, capacity 438320K, committed 438632K, reserved 1402880K
  class space    used 83540K, capacity 84609K, committed 84656K, reserved 1048576K
Event: 1879.506 GC heap after
Heap after GC invocations=42 (full 6):
 PSYoungGen      total 232960K, used 58960K [0x00000000eab00000, 0x0000000100000000, 0x0000000100000000)
  eden space 116736K, 0% used [0x00000000eab00000,0x00000000eab00000,0x00000000f1d00000)
  from space 116224K, 50% used [0x00000000f8e80000,0x00000000fc8142b0,0x0000000100000000)
  to   space 116224K, 0% used [0x00000000f1d00000,0x00000000f1d00000,0x00000000f8e80000)
 ParOldGen       total 429056K, used 253334K [0x00000000c0000000, 0x00000000da300000, 0x00000000eab00000)
  object space 429056K, 59% used [0x00000000c0000000,0x00000000cf765a28,0x00000000da300000)
 Metaspace       used 434157K, capacity 438320K, committed 438632K, reserved 1402880K
  class space    used 83540K, capacity 84609K, committed 84656K, reserved 1048576K
}
Event: 1890.580 GC heap before
{Heap before GC invocations=43 (full 6):
 PSYoungGen      total 232960K, used 175696K [0x00000000eab00000, 0x0000000100000000, 0x0000000100000000)
  eden space 116736K, 100% used [0x00000000eab00000,0x00000000f1d00000,0x00000000f1d00000)
  from space 116224K, 50% used [0x00000000f8e80000,0x00000000fc8142b0,0x0000000100000000)
  to   space 116224K, 0% used [0x00000000f1d00000,0x00000000f1d00000,0x00000000f8e80000)
 ParOldGen       total 429056K, used 253334K [0x00000000c0000000, 0x00000000da300000, 0x00000000eab00000)
  object space 429056K, 59% used [0x00000000c0000000,0x00000000cf765a28,0x00000000da300000)
 Metaspace       used 443346K, capacity 447492K, committed 447848K, reserved 1411072K
  class space    used 84801K, capacity 85870K, committed 85936K, reserved 1048576K
Event: 1890.738 GC heap after
Heap after GC invocations=43 (full 6):
 PSYoungGen      total 232960K, used 49763K [0x00000000eab00000, 0x0000000100000000, 0x0000000100000000)
  eden space 116736K, 0% used [0x00000000eab00000,0x00000000eab00000,0x00000000f1d00000)
  from space 116224K, 42% used [0x00000000f1d00000,0x00000000f4d98c68,0x00000000f8e80000)
  to   space 116224K, 0% used [0x00000000f8e80000,0x00000000f8e80000,0x0000000100000000)
 ParOldGen       total 429056K, used 271623K [0x00000000c0000000, 0x00000000da300000, 0x00000000eab00000)
  object space 429056K, 63% used [0x00000000c0000000,0x00000000d0941f08,0x00000000da300000)
 Metaspace       used 443346K, capacity 447492K, committed 447848K, reserved 1411072K
  class space    used 84801K, capacity 85870K, committed 85936K, reserved 1048576K
}
Event: 1936.274 GC heap before
{Heap before GC invocations=44 (full 6):
 PSYoungGen      total 232960K, used 120374K [0x00000000eab00000, 0x0000000100000000, 0x0000000100000000)
  eden space 116736K, 60% used [0x00000000eab00000,0x00000000eeff4f08,0x00000000f1d00000)
  from space 116224K, 42% used [0x00000000f1d00000,0x00000000f4d98c68,0x00000000f8e80000)
  to   space 116224K, 0% used [0x00000000f8e80000,0x00000000f8e80000,0x0000000100000000)
 ParOldGen       total 429056K, used 271623K [0x00000000c0000000, 0x00000000da300000, 0x00000000eab00000)
  object space 429056K, 63% used [0x00000000c0000000,0x00000000d0941f08,0x00000000da300000)
 Metaspace       used 452163K, capacity 456376K, committed 456496K, reserved 1417216K
  class space    used 86977K, capacity 88086K, committed 88112K, reserved 1048576K
Event: 1936.401 GC heap after
Heap after GC invocations=44 (full 6):
 PSYoungGen      total 232960K, used 34753K [0x00000000eab00000, 0x0000000100000000, 0x0000000100000000)
  eden space 116736K, 0% used [0x00000000eab00000,0x00000000eab00000,0x00000000f1d00000)
  from space 116224K, 29% used [0x00000000f8e80000,0x00000000fb070548,0x0000000100000000)
  to   space 116224K, 0% used [0x00000000f1d00000,0x00000000f1d00000,0x00000000f8e80000)
 ParOldGen       total 429056K, used 286479K [0x00000000c0000000, 0x00000000da300000, 0x00000000eab00000)
  object space 429056K, 66% used [0x00000000c0000000,0x00000000d17c3d60,0x00000000da300000)
 Metaspace       used 452163K, capacity 456376K, committed 456496K, reserved 1417216K
  class space    used 86977K, capacity 88086K, committed 88112K, reserved 1048576K
}
Event: 1936.401 GC heap before
{Heap before GC invocations=45 (full 7):
 PSYoungGen      total 232960K, used 34753K [0x00000000eab00000, 0x0000000100000000, 0x0000000100000000)
  eden space 116736K, 0% used [0x00000000eab00000,0x00000000eab00000,0x00000000f1d00000)
  from space 116224K, 29% used [0x00000000f8e80000,0x00000000fb070548,0x0000000100000000)
  to   space 116224K, 0% used [0x00000000f1d00000,0x00000000f1d00000,0x00000000f8e80000)
 ParOldGen       total 429056K, used 286479K [0x00000000c0000000, 0x00000000da300000, 0x00000000eab00000)
  object space 429056K, 66% used [0x00000000c0000000,0x00000000d17c3d60,0x00000000da300000)
 Metaspace       used 452163K, capacity 456376K, committed 456496K, reserved 1417216K
  class space    used 86977K, capacity 88086K, committed 88112K, reserved 1048576K
Event: 1939.989 GC heap after
Heap after GC invocations=45 (full 7):
 PSYoungGen      total 232960K, used 0K [0x00000000eab00000, 0x0000000100000000, 0x0000000100000000)
  eden space 116736K, 0% used [0x00000000eab00000,0x00000000eab00000,0x00000000f1d00000)
  from space 116224K, 0% used [0x00000000f8e80000,0x00000000f8e80000,0x0000000100000000)
  to   space 116224K, 0% used [0x00000000f1d00000,0x00000000f1d00000,0x00000000f8e80000)
 ParOldGen       total 570880K, used 292473K [0x00000000c0000000, 0x00000000e2d80000, 0x00000000eab00000)
  object space 570880K, 51% used [0x00000000c0000000,0x00000000d1d9e4d0,0x00000000e2d80000)
 Metaspace       used 431836K, capacity 435866K, committed 450352K, reserved 1411072K
  class space    used 83003K, capacity 84062K, committed 88112K, reserved 1048576K
}

