# JRE version: Java(TM) SE Runtime Environment (8.0_162-b12) (build 1.8.0_162-b12)
# Java VM: Java HotSpot(TM) 64-Bit Server VM (25.162-b12 mixed mode windows-amd64 compressed oops)
Heap:
 PSYoungGen      total 232960K, used 2149K [0x00000000eab00000, 0x0000000100000000, 0x0000000100000000)
  eden space 116736K, 1% used [0x00000000eab00000,0x00000000ead19560,0x00000000f1d00000)
  from space 116224K, 0% used [0x00000000f8e80000,0x00000000f8e80000,0x0000000100000000)
  to   space 116224K, 0% used [0x00000000f1d00000,0x00000000f1d00000,0x00000000f8e80000)
 ParOldGen       total 537088K, used 289571K [0x00000000c0000000, 0x00000000e0c80000, 0x00000000eab00000)
  object space 537088K, 53% used [0x00000000c0000000,0x00000000d1ac8fe0,0x00000000e0c80000)
 Metaspace       used 432311K, capacity 436092K, committed 452400K, reserved 1413120K
  class space    used 83173K, capacity 84250K, committed 88192K, reserved 1048576K
GC Heap History (10 events):
Event: 2447.423 GC heap before
{Heap before GC invocations=41 (full 6):
 PSYoungGen      total 232960K, used 212657K [0x00000000eab00000, 0x0000000100000000, 0x0000000100000000)
  eden space 116736K, 100% used [0x00000000eab00000,0x00000000f1d00000,0x00000000f1d00000)
  from space 116224K, 82% used [0x00000000f8e80000,0x00000000fec2c588,0x0000000100000000)
  to   space 116224K, 0% used [0x00000000f1d00000,0x00000000f1d00000,0x00000000f8e80000)
 ParOldGen       total 416256K, used 201158K [0x00000000c0000000, 0x00000000d9680000, 0x00000000eab00000)
  object space 416256K, 48% used [0x00000000c0000000,0x00000000cc4719f0,0x00000000d9680000)
 Metaspace       used 423234K, capacity 427026K, committed 427240K, reserved 1394688K
  class space    used 80820K, capacity 81904K, committed 81920K, reserved 1048576K
Event: 2447.640 GC heap after
Heap after GC invocations=41 (full 6):
 PSYoungGen      total 232960K, used 76341K [0x00000000eab00000, 0x0000000100000000, 0x0000000100000000)
  eden space 116736K, 0% used [0x00000000eab00000,0x00000000eab00000,0x00000000f1d00000)
  from space 116224K, 65% used [0x00000000f1d00000,0x00000000f678d630,0x00000000f8e80000)
  to   space 116224K, 0% used [0x00000000f8e80000,0x00000000f8e80000,0x0000000100000000)
 ParOldGen       total 416256K, used 228144K [0x00000000c0000000, 0x00000000d9680000, 0x00000000eab00000)
  object space 416256K, 54% used [0x00000000c0000000,0x00000000cdecc130,0x00000000d9680000)
 Metaspace       used 423234K, capacity 427026K, committed 427240K, reserved 1394688K
  class space    used 80820K, capacity 81904K, committed 81920K, reserved 1048576K
}
Event: 2503.202 GC heap before
{Heap before GC invocations=42 (full 6):
 PSYoungGen      total 232960K, used 193077K [0x00000000eab00000, 0x0000000100000000, 0x0000000100000000)
  eden space 116736K, 100% used [0x00000000eab00000,0x00000000f1d00000,0x00000000f1d00000)
  from space 116224K, 65% used [0x00000000f1d00000,0x00000000f678d630,0x00000000f8e80000)
  to   space 116224K, 0% used [0x00000000f8e80000,0x00000000f8e80000,0x0000000100000000)
 ParOldGen       total 416256K, used 228144K [0x00000000c0000000, 0x00000000d9680000, 0x00000000eab00000)
  object space 416256K, 54% used [0x00000000c0000000,0x00000000cdecc130,0x00000000d9680000)
 Metaspace       used 438270K, capacity 442138K, committed 442344K, reserved 1406976K
  class space    used 84295K, capacity 85414K, committed 85504K, reserved 1048576K
Event: 2503.382 GC heap after
Heap after GC invocations=42 (full 6):
 PSYoungGen      total 232960K, used 62987K [0x00000000eab00000, 0x0000000100000000, 0x0000000100000000)
  eden space 116736K, 0% used [0x00000000eab00000,0x00000000eab00000,0x00000000f1d00000)
  from space 116224K, 54% used [0x00000000f8e80000,0x00000000fcc02f28,0x0000000100000000)
  to   space 116224K, 0% used [0x00000000f1d00000,0x00000000f1d00000,0x00000000f8e80000)
 ParOldGen       total 416256K, used 252378K [0x00000000c0000000, 0x00000000d9680000, 0x00000000eab00000)
  object space 416256K, 60% used [0x00000000c0000000,0x00000000cf676890,0x00000000d9680000)
 Metaspace       used 438270K, capacity 442138K, committed 442344K, reserved 1406976K
  class space    used 84295K, capacity 85414K, committed 85504K, reserved 1048576K
}
Event: 2614.692 GC heap before
{Heap before GC invocations=43 (full 6):
 PSYoungGen      total 232960K, used 179723K [0x00000000eab00000, 0x0000000100000000, 0x0000000100000000)
  eden space 116736K, 100% used [0x00000000eab00000,0x00000000f1d00000,0x00000000f1d00000)
  from space 116224K, 54% used [0x00000000f8e80000,0x00000000fcc02f28,0x0000000100000000)
  to   space 116224K, 0% used [0x00000000f1d00000,0x00000000f1d00000,0x00000000f8e80000)
 ParOldGen       total 416256K, used 252378K [0x00000000c0000000, 0x00000000d9680000, 0x00000000eab00000)
  object space 416256K, 60% used [0x00000000c0000000,0x00000000cf676890,0x00000000d9680000)
 Metaspace       used 447732K, capacity 451708K, committed 451944K, reserved 1415168K
  class space    used 85483K, capacity 86618K, committed 86656K, reserved 1048576K
Event: 2614.824 GC heap after
Heap after GC invocations=43 (full 6):
 PSYoungGen      total 232960K, used 48586K [0x00000000eab00000, 0x0000000100000000, 0x0000000100000000)
  eden space 116736K, 0% used [0x00000000eab00000,0x00000000eab00000,0x00000000f1d00000)
  from space 116224K, 41% used [0x00000000f1d00000,0x00000000f4c72b90,0x00000000f8e80000)
  to   space 116224K, 0% used [0x00000000f8e80000,0x00000000f8e80000,0x0000000100000000)
 ParOldGen       total 416256K, used 270069K [0x00000000c0000000, 0x00000000d9680000, 0x00000000eab00000)
  object space 416256K, 64% used [0x00000000c0000000,0x00000000d07bd710,0x00000000d9680000)
 Metaspace       used 447732K, capacity 451708K, committed 451944K, reserved 1415168K
  class space    used 85483K, capacity 86618K, committed 86656K, reserved 1048576K
}
Event: 2616.032 GC heap before
{Heap before GC invocations=44 (full 6):
 PSYoungGen      total 232960K, used 73943K [0x00000000eab00000, 0x0000000100000000, 0x0000000100000000)
  eden space 116736K, 21% used [0x00000000eab00000,0x00000000ec3c3440,0x00000000f1d00000)
  from space 116224K, 41% used [0x00000000f1d00000,0x00000000f4c72b90,0x00000000f8e80000)
  to   space 116224K, 0% used [0x00000000f8e80000,0x00000000f8e80000,0x0000000100000000)
 ParOldGen       total 416256K, used 270069K [0x00000000c0000000, 0x00000000d9680000, 0x00000000eab00000)
  object space 416256K, 64% used [0x00000000c0000000,0x00000000d07bd710,0x00000000d9680000)
 Metaspace       used 452331K, capacity 456284K, committed 456496K, reserved 1417216K
  class space    used 87061K, capacity 88186K, committed 88192K, reserved 1048576K
Event: 2616.125 GC heap after
Heap after GC invocations=44 (full 6):
 PSYoungGen      total 232960K, used 32205K [0x00000000eab00000, 0x0000000100000000, 0x0000000100000000)
  eden space 116736K, 0% used [0x00000000eab00000,0x00000000eab00000,0x00000000f1d00000)
  from space 116224K, 27% used [0x00000000f8e80000,0x00000000fadf34d0,0x0000000100000000)
  to   space 116224K, 0% used [0x00000000f1d00000,0x00000000f1d00000,0x00000000f8e80000)
 ParOldGen       total 416256K, used 284842K [0x00000000c0000000, 0x00000000d9680000, 0x00000000eab00000)
  object space 416256K, 68% used [0x00000000c0000000,0x00000000d162a810,0x00000000d9680000)
 Metaspace       used 452331K, capacity 456284K, committed 456496K, reserved 1417216K
  class space    used 87061K, capacity 88186K, committed 88192K, reserved 1048576K
}
Event: 2616.125 GC heap before
{Heap before GC invocations=45 (full 7):
 PSYoungGen      total 232960K, used 32205K [0x00000000eab00000, 0x0000000100000000, 0x0000000100000000)
  eden space 116736K, 0% used [0x00000000eab00000,0x00000000eab00000,0x00000000f1d00000)
  from space 116224K, 27% used [0x00000000f8e80000,0x00000000fadf34d0,0x0000000100000000)
  to   space 116224K, 0% used [0x00000000f1d00000,0x00000000f1d00000,0x00000000f8e80000)
 ParOldGen       total 416256K, used 284842K [0x00000000c0000000, 0x00000000d9680000, 0x00000000eab00000)
  object space 416256K, 68% used [0x00000000c0000000,0x00000000d162a810,0x00000000d9680000)
 Metaspace       used 452331K, capacity 456284K, committed 456496K, reserved 1417216K
  class space    used 87061K, capacity 88186K, committed 88192K, reserved 1048576K
Event: 2619.222 GC heap after
Heap after GC invocations=45 (full 7):
 PSYoungGen      total 232960K, used 0K [0x00000000eab00000, 0x0000000100000000, 0x0000000100000000)
  eden space 116736K, 0% used [0x00000000eab00000,0x00000000eab00000,0x00000000f1d00000)
  from space 116224K, 0% used [0x00000000f8e80000,0x00000000f8e80000,0x0000000100000000)
  to   space 116224K, 0% used [0x00000000f1d00000,0x00000000f1d00000,0x00000000f8e80000)
 ParOldGen       total 537088K, used 289571K [0x00000000c0000000, 0x00000000e0c80000, 0x00000000eab00000)
  object space 537088K, 53% used [0x00000000c0000000,0x00000000d1ac8fe0,0x00000000e0c80000)
 Metaspace       used 431993K, capacity 435740K, committed 452400K, reserved 1413120K
  class space    used 83083K, capacity 84154K, committed 88192K, reserved 1048576K
}

