# JRE version: Java(TM) SE Runtime Environment (8.0_162-b12) (build 1.8.0_162-b12)
# Java VM: Java HotSpot(TM) 64-Bit Server VM (25.162-b12 mixed mode windows-amd64 compressed oops)
Heap:
 PSYoungGen      total 292864K, used 1898K [0x00000000eab00000, 0x0000000100000000, 0x0000000100000000)
  eden space 235520K, 0% used [0x00000000eab00000,0x00000000eacdaa30,0x00000000f9100000)
  from space 57344K, 0% used [0x00000000fc800000,0x00000000fc800000,0x0000000100000000)
  to   space 56320K, 0% used [0x00000000f9100000,0x00000000f9100000,0x00000000fc800000)
 ParOldGen       total 348160K, used 194718K [0x00000000c0000000, 0x00000000d5400000, 0x00000000eab00000)
  object space 348160K, 55% used [0x00000000c0000000,0x00000000cbe27980,0x00000000d5400000)
 Metaspace       used 270573K, capacity 273636K, committed 274152K, reserved 1271808K
  class space    used 50573K, capacity 51407K, committed 51496K, reserved 1048576K
GC Heap History (10 events):
Event: 3221.387 GC heap before
{Heap before GC invocations=32 (full 5):
 PSYoungGen      total 271872K, used 252530K [0x00000000eab00000, 0x00000000fe500000, 0x0000000100000000)
  eden space 223232K, 100% used [0x00000000eab00000,0x00000000f8500000,0x00000000f8500000)
  from space 48640K, 60% used [0x00000000fb580000,0x00000000fd21cb10,0x00000000fe500000)
  to   space 49152K, 0% used [0x00000000f8500000,0x00000000f8500000,0x00000000fb500000)
 ParOldGen       total 236032K, used 101986K [0x00000000c0000000, 0x00000000ce680000, 0x00000000eab00000)
  object space 236032K, 43% used [0x00000000c0000000,0x00000000c6398a28,0x00000000ce680000)
 Metaspace       used 205765K, capacity 208614K, committed 208752K, reserved 1218560K
  class space    used 37998K, capacity 38751K, committed 38824K, reserved 1048576K
Event: 3221.463 GC heap after
Heap after GC invocations=32 (full 5):
 PSYoungGen      total 272384K, used 38458K [0x00000000eab00000, 0x0000000100000000, 0x0000000100000000)
  eden space 223232K, 0% used [0x00000000eab00000,0x00000000eab00000,0x00000000f8500000)
  from space 49152K, 78% used [0x00000000f8500000,0x00000000faa8e848,0x00000000fb500000)
  to   space 52224K, 0% used [0x00000000fcd00000,0x00000000fcd00000,0x0000000100000000)
 ParOldGen       total 236032K, used 115728K [0x00000000c0000000, 0x00000000ce680000, 0x00000000eab00000)
  object space 236032K, 49% used [0x00000000c0000000,0x00000000c71042d8,0x00000000ce680000)
 Metaspace       used 205765K, capacity 208614K, committed 208752K, reserved 1218560K
  class space    used 37998K, capacity 38751K, committed 38824K, reserved 1048576K
}
Event: 3345.858 GC heap before
{Heap before GC invocations=33 (full 5):
 PSYoungGen      total 272384K, used 261690K [0x00000000eab00000, 0x0000000100000000, 0x0000000100000000)
  eden space 223232K, 100% used [0x00000000eab00000,0x00000000f8500000,0x00000000f8500000)
  from space 49152K, 78% used [0x00000000f8500000,0x00000000faa8e848,0x00000000fb500000)
  to   space 52224K, 0% used [0x00000000fcd00000,0x00000000fcd00000,0x0000000100000000)
 ParOldGen       total 236032K, used 115728K [0x00000000c0000000, 0x00000000ce680000, 0x00000000eab00000)
  object space 236032K, 49% used [0x00000000c0000000,0x00000000c71042d8,0x00000000ce680000)
 Metaspace       used 228142K, capacity 231044K, committed 231280K, reserved 1236992K
  class space    used 42403K, capacity 43165K, committed 43176K, reserved 1048576K
Event: 3345.966 GC heap after
Heap after GC invocations=33 (full 5):
 PSYoungGen      total 293888K, used 35750K [0x00000000eab00000, 0x0000000100000000, 0x0000000100000000)
  eden space 241664K, 0% used [0x00000000eab00000,0x00000000eab00000,0x00000000f9700000)
  from space 52224K, 68% used [0x00000000fcd00000,0x00000000fefe9880,0x0000000100000000)
  to   space 53760K, 0% used [0x00000000f9700000,0x00000000f9700000,0x00000000fcb80000)
 ParOldGen       total 236032K, used 131277K [0x00000000c0000000, 0x00000000ce680000, 0x00000000eab00000)
  object space 236032K, 55% used [0x00000000c0000000,0x00000000c8033680,0x00000000ce680000)
 Metaspace       used 228142K, capacity 231044K, committed 231280K, reserved 1236992K
  class space    used 42403K, capacity 43165K, committed 43176K, reserved 1048576K
}
Event: 3445.106 GC heap before
{Heap before GC invocations=34 (full 5):
 PSYoungGen      total 293888K, used 277414K [0x00000000eab00000, 0x0000000100000000, 0x0000000100000000)
  eden space 241664K, 100% used [0x00000000eab00000,0x00000000f9700000,0x00000000f9700000)
  from space 52224K, 68% used [0x00000000fcd00000,0x00000000fefe9880,0x0000000100000000)
  to   space 53760K, 0% used [0x00000000f9700000,0x00000000f9700000,0x00000000fcb80000)
 ParOldGen       total 236032K, used 131277K [0x00000000c0000000, 0x00000000ce680000, 0x00000000eab00000)
  object space 236032K, 55% used [0x00000000c0000000,0x00000000c8033680,0x00000000ce680000)
 Metaspace       used 250609K, capacity 253682K, committed 254064K, reserved 1255424K
  class space    used 46620K, capacity 47443K, committed 47528K, reserved 1048576K
Event: 3445.214 GC heap after
Heap after GC invocations=34 (full 5):
 PSYoungGen      total 283648K, used 41588K [0x00000000eab00000, 0x0000000100000000, 0x0000000100000000)
  eden space 241664K, 0% used [0x00000000eab00000,0x00000000eab00000,0x00000000f9700000)
  from space 41984K, 99% used [0x00000000f9700000,0x00000000fbf9d210,0x00000000fc000000)
  to   space 57344K, 0% used [0x00000000fc800000,0x00000000fc800000,0x0000000100000000)
 ParOldGen       total 236032K, used 146478K [0x00000000c0000000, 0x00000000ce680000, 0x00000000eab00000)
  object space 236032K, 62% used [0x00000000c0000000,0x00000000c8f0b880,0x00000000ce680000)
 Metaspace       used 250609K, capacity 253682K, committed 254064K, reserved 1255424K
  class space    used 46620K, capacity 47443K, committed 47528K, reserved 1048576K
}
Event: 4266.404 GC heap before
{Heap before GC invocations=35 (full 5):
 PSYoungGen      total 283648K, used 251560K [0x00000000eab00000, 0x0000000100000000, 0x0000000100000000)
  eden space 241664K, 86% used [0x00000000eab00000,0x00000000f780cf70,0x00000000f9700000)
  from space 41984K, 99% used [0x00000000f9700000,0x00000000fbf9d210,0x00000000fc000000)
  to   space 57344K, 0% used [0x00000000fc800000,0x00000000fc800000,0x0000000100000000)
 ParOldGen       total 236032K, used 146478K [0x00000000c0000000, 0x00000000ce680000, 0x00000000eab00000)
  object space 236032K, 62% used [0x00000000c0000000,0x00000000c8f0b880,0x00000000ce680000)
 Metaspace       used 270590K, capacity 273684K, committed 273896K, reserved 1271808K
  class space    used 50578K, capacity 51436K, committed 51496K, reserved 1048576K
Event: 4266.536 GC heap after
Heap after GC invocations=35 (full 5):
 PSYoungGen      total 292864K, used 32495K [0x00000000eab00000, 0x0000000100000000, 0x0000000100000000)
  eden space 235520K, 0% used [0x00000000eab00000,0x00000000eab00000,0x00000000f9100000)
  from space 57344K, 56% used [0x00000000fc800000,0x00000000fe7bbd18,0x0000000100000000)
  to   space 56320K, 0% used [0x00000000f9100000,0x00000000f9100000,0x00000000fc800000)
 ParOldGen       total 236032K, used 167399K [0x00000000c0000000, 0x00000000ce680000, 0x00000000eab00000)
  object space 236032K, 70% used [0x00000000c0000000,0x00000000ca379dc8,0x00000000ce680000)
 Metaspace       used 270590K, capacity 273684K, committed 273896K, reserved 1271808K
  class space    used 50578K, capacity 51436K, committed 51496K, reserved 1048576K
}
Event: 4266.536 GC heap before
{Heap before GC invocations=36 (full 6):
 PSYoungGen      total 292864K, used 32495K [0x00000000eab00000, 0x0000000100000000, 0x0000000100000000)
  eden space 235520K, 0% used [0x00000000eab00000,0x00000000eab00000,0x00000000f9100000)
  from space 57344K, 56% used [0x00000000fc800000,0x00000000fe7bbd18,0x0000000100000000)
  to   space 56320K, 0% used [0x00000000f9100000,0x00000000f9100000,0x00000000fc800000)
 ParOldGen       total 236032K, used 167399K [0x00000000c0000000, 0x00000000ce680000, 0x00000000eab00000)
  object space 236032K, 70% used [0x00000000c0000000,0x00000000ca379dc8,0x00000000ce680000)
 Metaspace       used 270590K, capacity 273684K, committed 273896K, reserved 1271808K
  class space    used 50578K, capacity 51436K, committed 51496K, reserved 1048576K
Event: 4268.832 GC heap after
Heap after GC invocations=36 (full 6):
 PSYoungGen      total 292864K, used 0K [0x00000000eab00000, 0x0000000100000000, 0x0000000100000000)
  eden space 235520K, 0% used [0x00000000eab00000,0x00000000eab00000,0x00000000f9100000)
  from space 57344K, 0% used [0x00000000fc800000,0x00000000fc800000,0x0000000100000000)
  to   space 56320K, 0% used [0x00000000f9100000,0x00000000f9100000,0x00000000fc800000)
 ParOldGen       total 348160K, used 194718K [0x00000000c0000000, 0x00000000d5400000, 0x00000000eab00000)
  object space 348160K, 55% used [0x00000000c0000000,0x00000000cbe27980,0x00000000d5400000)
 Metaspace       used 270469K, capacity 273502K, committed 273896K, reserved 1271808K
  class space    used 50561K, capacity 51405K, committed 51496K, reserved 1048576K
}

