# JRE version: Java(TM) SE Runtime Environment (8.0_162-b12) (build 1.8.0_162-b12)
# Java VM: Java HotSpot(TM) 64-Bit Server VM (25.162-b12 mixed mode windows-amd64 compressed oops)
Heap:
 PSYoungGen      total 232960K, used 2219K [0x00000000eab00000, 0x0000000100000000, 0x0000000100000000)
  eden space 116736K, 1% used [0x00000000eab00000,0x00000000ead2acb0,0x00000000f1d00000)
  from space 116224K, 0% used [0x00000000f1d00000,0x00000000f1d00000,0x00000000f8e80000)
  to   space 116224K, 0% used [0x00000000f8e80000,0x00000000f8e80000,0x0000000100000000)
 ParOldGen       total 433152K, used 213754K [0x00000000c0000000, 0x00000000da700000, 0x00000000eab00000)
  object space 433152K, 49% used [0x00000000c0000000,0x00000000cd0be8f0,0x00000000da700000)
 Metaspace       used 331253K, capacity 334548K, committed 370092K, reserved 1339392K
  class space    used 63503K, capacity 64374K, committed 80384K, reserved 1048576K
GC Heap History (10 events):
Event: 12955.163 GC heap before
{Heap before GC invocations=44 (full 6):
 PSYoungGen      total 232960K, used 175677K [0x00000000eab00000, 0x0000000100000000, 0x0000000100000000)
  eden space 116736K, 100% used [0x00000000eab00000,0x00000000f1d00000,0x00000000f1d00000)
  from space 116224K, 50% used [0x00000000f1d00000,0x00000000f568f4c8,0x00000000f8e80000)
  to   space 116224K, 0% used [0x00000000f8e80000,0x00000000f8e80000,0x0000000100000000)
 ParOldGen       total 348160K, used 208148K [0x00000000c0000000, 0x00000000d5400000, 0x00000000eab00000)
  object space 348160K, 59% used [0x00000000c0000000,0x00000000ccb45398,0x00000000d5400000)
 Metaspace       used 385401K, capacity 389136K, committed 389376K, reserved 1363968K
  class space    used 73442K, capacity 74447K, committed 74496K, reserved 1048576K
Event: 12955.268 GC heap after
Heap after GC invocations=44 (full 6):
 PSYoungGen      total 232960K, used 48696K [0x00000000eab00000, 0x0000000100000000, 0x0000000100000000)
  eden space 116736K, 0% used [0x00000000eab00000,0x00000000eab00000,0x00000000f1d00000)
  from space 116224K, 41% used [0x00000000f8e80000,0x00000000fbe0e3c0,0x0000000100000000)
  to   space 116224K, 0% used [0x00000000f1d00000,0x00000000f1d00000,0x00000000f8e80000)
 ParOldGen       total 348160K, used 221193K [0x00000000c0000000, 0x00000000d5400000, 0x00000000eab00000)
  object space 348160K, 63% used [0x00000000c0000000,0x00000000cd802788,0x00000000d5400000)
 Metaspace       used 385401K, capacity 389136K, committed 389376K, reserved 1363968K
  class space    used 73442K, capacity 74447K, committed 74496K, reserved 1048576K
}
Event: 12960.652 GC heap before
{Heap before GC invocations=45 (full 6):
 PSYoungGen      total 232960K, used 165432K [0x00000000eab00000, 0x0000000100000000, 0x0000000100000000)
  eden space 116736K, 100% used [0x00000000eab00000,0x00000000f1d00000,0x00000000f1d00000)
  from space 116224K, 41% used [0x00000000f8e80000,0x00000000fbe0e3c0,0x0000000100000000)
  to   space 116224K, 0% used [0x00000000f1d00000,0x00000000f1d00000,0x00000000f8e80000)
 ParOldGen       total 348160K, used 221193K [0x00000000c0000000, 0x00000000d5400000, 0x00000000eab00000)
  object space 348160K, 63% used [0x00000000c0000000,0x00000000cd802788,0x00000000d5400000)
 Metaspace       used 397881K, capacity 401628K, committed 401920K, reserved 1374208K
  class space    used 76514K, capacity 77521K, committed 77568K, reserved 1048576K
Event: 12960.773 GC heap after
Heap after GC invocations=45 (full 6):
 PSYoungGen      total 232960K, used 45571K [0x00000000eab00000, 0x0000000100000000, 0x0000000100000000)
  eden space 116736K, 0% used [0x00000000eab00000,0x00000000eab00000,0x00000000f1d00000)
  from space 116224K, 39% used [0x00000000f1d00000,0x00000000f4980d10,0x00000000f8e80000)
  to   space 116224K, 0% used [0x00000000f8e80000,0x00000000f8e80000,0x0000000100000000)
 ParOldGen       total 348160K, used 236646K [0x00000000c0000000, 0x00000000d5400000, 0x00000000eab00000)
  object space 348160K, 67% used [0x00000000c0000000,0x00000000ce719990,0x00000000d5400000)
 Metaspace       used 397881K, capacity 401628K, committed 401920K, reserved 1374208K
  class space    used 76514K, capacity 77521K, committed 77568K, reserved 1048576K
}
Event: 13118.276 GC heap before
{Heap before GC invocations=46 (full 6):
 PSYoungGen      total 232960K, used 162307K [0x00000000eab00000, 0x0000000100000000, 0x0000000100000000)
  eden space 116736K, 100% used [0x00000000eab00000,0x00000000f1d00000,0x00000000f1d00000)
  from space 116224K, 39% used [0x00000000f1d00000,0x00000000f4980d10,0x00000000f8e80000)
  to   space 116224K, 0% used [0x00000000f8e80000,0x00000000f8e80000,0x0000000100000000)
 ParOldGen       total 348160K, used 236646K [0x00000000c0000000, 0x00000000d5400000, 0x00000000eab00000)
  object space 348160K, 67% used [0x00000000c0000000,0x00000000ce719990,0x00000000d5400000)
 Metaspace       used 410407K, capacity 414270K, committed 414592K, reserved 1384448K
  class space    used 79098K, capacity 80133K, committed 80256K, reserved 1048576K
Event: 13118.401 GC heap after
Heap after GC invocations=46 (full 6):
 PSYoungGen      total 232960K, used 35418K [0x00000000eab00000, 0x0000000100000000, 0x0000000100000000)
  eden space 116736K, 0% used [0x00000000eab00000,0x00000000eab00000,0x00000000f1d00000)
  from space 116224K, 30% used [0x00000000f8e80000,0x00000000fb116b08,0x0000000100000000)
  to   space 116224K, 0% used [0x00000000f1d00000,0x00000000f1d00000,0x00000000f8e80000)
 ParOldGen       total 348160K, used 252993K [0x00000000c0000000, 0x00000000d5400000, 0x00000000eab00000)
  object space 348160K, 72% used [0x00000000c0000000,0x00000000cf710608,0x00000000d5400000)
 Metaspace       used 410407K, capacity 414270K, committed 414592K, reserved 1384448K
  class space    used 79098K, capacity 80133K, committed 80256K, reserved 1048576K
}
Event: 13118.578 GC heap before
{Heap before GC invocations=47 (full 6):
 PSYoungGen      total 232960K, used 39267K [0x00000000eab00000, 0x0000000100000000, 0x0000000100000000)
  eden space 116736K, 3% used [0x00000000eab00000,0x00000000eaec2428,0x00000000f1d00000)
  from space 116224K, 30% used [0x00000000f8e80000,0x00000000fb116b08,0x0000000100000000)
  to   space 116224K, 0% used [0x00000000f1d00000,0x00000000f1d00000,0x00000000f8e80000)
 ParOldGen       total 348160K, used 252993K [0x00000000c0000000, 0x00000000d5400000, 0x00000000eab00000)
  object space 348160K, 72% used [0x00000000c0000000,0x00000000cf710608,0x00000000d5400000)
 Metaspace       used 411053K, capacity 414916K, committed 415148K, reserved 1384448K
  class space    used 79280K, capacity 80326K, committed 80384K, reserved 1048576K
Event: 13118.652 GC heap after
Heap after GC invocations=47 (full 6):
 PSYoungGen      total 232960K, used 10130K [0x00000000eab00000, 0x0000000100000000, 0x0000000100000000)
  eden space 116736K, 0% used [0x00000000eab00000,0x00000000eab00000,0x00000000f1d00000)
  from space 116224K, 8% used [0x00000000f1d00000,0x00000000f26e49d0,0x00000000f8e80000)
  to   space 116224K, 0% used [0x00000000f8e80000,0x00000000f8e80000,0x0000000100000000)
 ParOldGen       total 348160K, used 269528K [0x00000000c0000000, 0x00000000d5400000, 0x00000000eab00000)
  object space 348160K, 77% used [0x00000000c0000000,0x00000000d0736318,0x00000000d5400000)
 Metaspace       used 411053K, capacity 414916K, committed 415148K, reserved 1384448K
  class space    used 79280K, capacity 80326K, committed 80384K, reserved 1048576K
}
Event: 13118.652 GC heap before
{Heap before GC invocations=48 (full 7):
 PSYoungGen      total 232960K, used 10130K [0x00000000eab00000, 0x0000000100000000, 0x0000000100000000)
  eden space 116736K, 0% used [0x00000000eab00000,0x00000000eab00000,0x00000000f1d00000)
  from space 116224K, 8% used [0x00000000f1d00000,0x00000000f26e49d0,0x00000000f8e80000)
  to   space 116224K, 0% used [0x00000000f8e80000,0x00000000f8e80000,0x0000000100000000)
 ParOldGen       total 348160K, used 269528K [0x00000000c0000000, 0x00000000d5400000, 0x00000000eab00000)
  object space 348160K, 77% used [0x00000000c0000000,0x00000000d0736318,0x00000000d5400000)
 Metaspace       used 411053K, capacity 414916K, committed 415148K, reserved 1384448K
  class space    used 79280K, capacity 80326K, committed 80384K, reserved 1048576K
Event: 13121.171 GC heap after
Heap after GC invocations=48 (full 7):
 PSYoungGen      total 232960K, used 0K [0x00000000eab00000, 0x0000000100000000, 0x0000000100000000)
  eden space 116736K, 0% used [0x00000000eab00000,0x00000000eab00000,0x00000000f1d00000)
  from space 116224K, 0% used [0x00000000f1d00000,0x00000000f1d00000,0x00000000f8e80000)
  to   space 116224K, 0% used [0x00000000f8e80000,0x00000000f8e80000,0x0000000100000000)
 ParOldGen       total 433152K, used 213754K [0x00000000c0000000, 0x00000000da700000, 0x00000000eab00000)
  object space 433152K, 49% used [0x00000000c0000000,0x00000000cd0be8f0,0x00000000da700000)
 Metaspace       used 330903K, capacity 334164K, committed 370092K, reserved 1339392K
  class space    used 63431K, capacity 64310K, committed 80384K, reserved 1048576K
}

