# JRE version: Java(TM) SE Runtime Environment (8.0_162-b12) (build 1.8.0_162-b12)
# Java VM: Java HotSpot(TM) 64-Bit Server VM (25.162-b12 mixed mode windows-amd64 compressed oops)
Heap:
 PSYoungGen      total 198656K, used 2886K [0x00000000eab00000, 0x00000000fb100000, 0x0000000100000000)
  eden space 182272K, 1% used [0x00000000eab00000,0x00000000eadd18d0,0x00000000f5d00000)
  from space 16384K, 0% used [0x00000000fa100000,0x00000000fa100000,0x00000000fb100000)
  to   space 43008K, 0% used [0x00000000f5d00000,0x00000000f5d00000,0x00000000f8700000)
 ParOldGen       total 285696K, used 109422K [0x00000000c0000000, 0x00000000d1700000, 0x00000000eab00000)
  object space 285696K, 38% used [0x00000000c0000000,0x00000000c6adb860,0x00000000d1700000)
 Metaspace       used 163038K, capacity 164390K, committed 164632K, reserved 1183744K
  class space    used 29943K, capacity 30433K, committed 30504K, reserved 1048576K
GC Heap History (10 events):
Event: 337.125 GC heap before
{Heap before GC invocations=21 (full 4):
 PSYoungGen      total 229888K, used 199680K [0x00000000eab00000, 0x00000000fa900000, 0x0000000100000000)
  eden space 199680K, 100% used [0x00000000eab00000,0x00000000f6e00000,0x00000000f6e00000)
  from space 30208K, 0% used [0x00000000f8b80000,0x00000000f8b80000,0x00000000fa900000)
  to   space 30208K, 0% used [0x00000000f6e00000,0x00000000f6e00000,0x00000000f8b80000)
 ParOldGen       total 201728K, used 68576K [0x00000000c0000000, 0x00000000cc500000, 0x00000000eab00000)
  object space 201728K, 33% used [0x00000000c0000000,0x00000000c42f8130,0x00000000cc500000)
 Metaspace       used 117673K, capacity 118840K, committed 118936K, reserved 1146880K
  class space    used 21264K, capacity 21651K, committed 21672K, reserved 1048576K
Event: 337.205 GC heap after
Heap after GC invocations=21 (full 4):
 PSYoungGen      total 229888K, used 30190K [0x00000000eab00000, 0x00000000fcf00000, 0x0000000100000000)
  eden space 199680K, 0% used [0x00000000eab00000,0x00000000eab00000,0x00000000f6e00000)
  from space 30208K, 99% used [0x00000000f6e00000,0x00000000f8b7bae0,0x00000000f8b80000)
  to   space 35840K, 0% used [0x00000000fac00000,0x00000000fac00000,0x00000000fcf00000)
 ParOldGen       total 201728K, used 70909K [0x00000000c0000000, 0x00000000cc500000, 0x00000000eab00000)
  object space 201728K, 35% used [0x00000000c0000000,0x00000000c453f580,0x00000000cc500000)
 Metaspace       used 117673K, capacity 118840K, committed 118936K, reserved 1146880K
  class space    used 21264K, capacity 21651K, committed 21672K, reserved 1048576K
}
Event: 2753.524 GC heap before
{Heap before GC invocations=22 (full 4):
 PSYoungGen      total 229888K, used 229870K [0x00000000eab00000, 0x00000000fcf00000, 0x0000000100000000)
  eden space 199680K, 100% used [0x00000000eab00000,0x00000000f6e00000,0x00000000f6e00000)
  from space 30208K, 99% used [0x00000000f6e00000,0x00000000f8b7bae0,0x00000000f8b80000)
  to   space 35840K, 0% used [0x00000000fac00000,0x00000000fac00000,0x00000000fcf00000)
 ParOldGen       total 201728K, used 70909K [0x00000000c0000000, 0x00000000cc500000, 0x00000000eab00000)
  object space 201728K, 35% used [0x00000000c0000000,0x00000000c453f580,0x00000000cc500000)
 Metaspace       used 134952K, capacity 136188K, committed 136472K, reserved 1161216K
  class space    used 24908K, capacity 25315K, committed 25384K, reserved 1048576K
Event: 2753.646 GC heap after
Heap after GC invocations=22 (full 4):
 PSYoungGen      total 220160K, used 26592K [0x00000000eab00000, 0x00000000fc600000, 0x0000000100000000)
  eden space 193536K, 0% used [0x00000000eab00000,0x00000000eab00000,0x00000000f6800000)
  from space 26624K, 99% used [0x00000000fac00000,0x00000000fc5f8308,0x00000000fc600000)
  to   space 37888K, 0% used [0x00000000f7c00000,0x00000000f7c00000,0x00000000fa100000)
 ParOldGen       total 201728K, used 85051K [0x00000000c0000000, 0x00000000cc500000, 0x00000000eab00000)
  object space 201728K, 42% used [0x00000000c0000000,0x00000000c530efe8,0x00000000cc500000)
 Metaspace       used 134952K, capacity 136188K, committed 136472K, reserved 1161216K
  class space    used 24908K, capacity 25315K, committed 25384K, reserved 1048576K
}
Event: 2810.271 GC heap before
{Heap before GC invocations=23 (full 4):
 PSYoungGen      total 220160K, used 220128K [0x00000000eab00000, 0x00000000fc600000, 0x0000000100000000)
  eden space 193536K, 100% used [0x00000000eab00000,0x00000000f6800000,0x00000000f6800000)
  from space 26624K, 99% used [0x00000000fac00000,0x00000000fc5f8308,0x00000000fc600000)
  to   space 37888K, 0% used [0x00000000f7c00000,0x00000000f7c00000,0x00000000fa100000)
 ParOldGen       total 201728K, used 85051K [0x00000000c0000000, 0x00000000cc500000, 0x00000000eab00000)
  object space 201728K, 42% used [0x00000000c0000000,0x00000000c530efe8,0x00000000cc500000)
 Metaspace       used 154484K, capacity 155888K, committed 156056K, reserved 1175552K
  class space    used 28833K, capacity 29306K, committed 29352K, reserved 1048576K
Event: 2810.378 GC heap after
Heap after GC invocations=23 (full 4):
 PSYoungGen      total 225792K, used 37869K [0x00000000eab00000, 0x00000000fba80000, 0x0000000100000000)
  eden space 187904K, 0% used [0x00000000eab00000,0x00000000eab00000,0x00000000f6280000)
  from space 37888K, 99% used [0x00000000f7c00000,0x00000000fa0fb6c8,0x00000000fa100000)
  to   space 26112K, 0% used [0x00000000fa100000,0x00000000fa100000,0x00000000fba80000)
 ParOldGen       total 201728K, used 87970K [0x00000000c0000000, 0x00000000cc500000, 0x00000000eab00000)
  object space 201728K, 43% used [0x00000000c0000000,0x00000000c55e8bc0,0x00000000cc500000)
 Metaspace       used 154484K, capacity 155888K, committed 156056K, reserved 1175552K
  class space    used 28833K, capacity 29306K, committed 29352K, reserved 1048576K
}
Event: 2921.357 GC heap before
{Heap before GC invocations=24 (full 4):
 PSYoungGen      total 225792K, used 137832K [0x00000000eab00000, 0x00000000fba80000, 0x0000000100000000)
  eden space 187904K, 53% used [0x00000000eab00000,0x00000000f0c9ea38,0x00000000f6280000)
  from space 37888K, 99% used [0x00000000f7c00000,0x00000000fa0fb6c8,0x00000000fa100000)
  to   space 26112K, 0% used [0x00000000fa100000,0x00000000fa100000,0x00000000fba80000)
 ParOldGen       total 201728K, used 87970K [0x00000000c0000000, 0x00000000cc500000, 0x00000000eab00000)
  object space 201728K, 43% used [0x00000000c0000000,0x00000000c55e8bc0,0x00000000cc500000)
 Metaspace       used 162763K, capacity 164178K, committed 164248K, reserved 1183744K
  class space    used 29819K, capacity 30318K, committed 30376K, reserved 1048576K
Event: 2921.459 GC heap after
Heap after GC invocations=24 (full 4):
 PSYoungGen      total 198656K, used 15369K [0x00000000eab00000, 0x00000000fb100000, 0x0000000100000000)
  eden space 182272K, 0% used [0x00000000eab00000,0x00000000eab00000,0x00000000f5d00000)
  from space 16384K, 93% used [0x00000000fa100000,0x00000000fb002488,0x00000000fb100000)
  to   space 43008K, 0% used [0x00000000f5d00000,0x00000000f5d00000,0x00000000f8700000)
 ParOldGen       total 201728K, used 110870K [0x00000000c0000000, 0x00000000cc500000, 0x00000000eab00000)
  object space 201728K, 54% used [0x00000000c0000000,0x00000000c6c45958,0x00000000cc500000)
 Metaspace       used 162763K, capacity 164178K, committed 164248K, reserved 1183744K
  class space    used 29819K, capacity 30318K, committed 30376K, reserved 1048576K
}
Event: 2921.459 GC heap before
{Heap before GC invocations=25 (full 5):
 PSYoungGen      total 198656K, used 15369K [0x00000000eab00000, 0x00000000fb100000, 0x0000000100000000)
  eden space 182272K, 0% used [0x00000000eab00000,0x00000000eab00000,0x00000000f5d00000)
  from space 16384K, 93% used [0x00000000fa100000,0x00000000fb002488,0x00000000fb100000)
  to   space 43008K, 0% used [0x00000000f5d00000,0x00000000f5d00000,0x00000000f8700000)
 ParOldGen       total 201728K, used 110870K [0x00000000c0000000, 0x00000000cc500000, 0x00000000eab00000)
  object space 201728K, 54% used [0x00000000c0000000,0x00000000c6c45958,0x00000000cc500000)
 Metaspace       used 162763K, capacity 164178K, committed 164248K, reserved 1183744K
  class space    used 29819K, capacity 30318K, committed 30376K, reserved 1048576K
Event: 2922.588 GC heap after
Heap after GC invocations=25 (full 5):
 PSYoungGen      total 198656K, used 0K [0x00000000eab00000, 0x00000000fb100000, 0x0000000100000000)
  eden space 182272K, 0% used [0x00000000eab00000,0x00000000eab00000,0x00000000f5d00000)
  from space 16384K, 0% used [0x00000000fa100000,0x00000000fa100000,0x00000000fb100000)
  to   space 43008K, 0% used [0x00000000f5d00000,0x00000000f5d00000,0x00000000f8700000)
 ParOldGen       total 285696K, used 109422K [0x00000000c0000000, 0x00000000d1700000, 0x00000000eab00000)
  object space 285696K, 38% used [0x00000000c0000000,0x00000000c6adb860,0x00000000d1700000)
 Metaspace       used 162631K, capacity 163974K, committed 164248K, reserved 1183744K
  class space    used 29794K, capacity 30273K, committed 30376K, reserved 1048576K
}

