# JRE version: Java(TM) SE Runtime Environment (8.0_162-b12) (build 1.8.0_162-b12)
# Java VM: Java HotSpot(TM) 64-Bit Server VM (25.162-b12 mixed mode windows-amd64 compressed oops)
Heap:
 PSYoungGen      total 264704K, used 2014K [0x00000000eab00000, 0x0000000100000000, 0x0000000100000000)
  eden space 193536K, 1% used [0x00000000eab00000,0x00000000eacf7a10,0x00000000f6800000)
  from space 71168K, 0% used [0x00000000f6800000,0x00000000f6800000,0x00000000fad80000)
  to   space 84480K, 0% used [0x00000000fad80000,0x00000000fad80000,0x0000000100000000)
 ParOldGen       total 419840K, used 188503K [0x00000000c0000000, 0x00000000d9a00000, 0x00000000eab00000)
  object space 419840K, 44% used [0x00000000c0000000,0x00000000cb815fe8,0x00000000d9a00000)
 Metaspace       used 271659K, capacity 273858K, committed 274280K, reserved 1271808K
  class space    used 51609K, capacity 52282K, committed 52400K, reserved 1048576K
GC Heap History (10 events):
Event: 833.652 GC heap before
{Heap before GC invocations=27 (full 5):
 PSYoungGen      total 258560K, used 246916K [0x00000000eab00000, 0x00000000fed80000, 0x0000000100000000)
  eden space 211968K, 100% used [0x00000000eab00000,0x00000000f7a00000,0x00000000f7a00000)
  from space 46592K, 75% used [0x00000000f7a00000,0x00000000f9c21368,0x00000000fa780000)
  to   space 49152K, 0% used [0x00000000fbd80000,0x00000000fbd80000,0x00000000fed80000)
 ParOldGen       total 296448K, used 116753K [0x00000000c0000000, 0x00000000d2180000, 0x00000000eab00000)
  object space 296448K, 39% used [0x00000000c0000000,0x00000000c72047a0,0x00000000d2180000)
 Metaspace       used 209331K, capacity 211188K, committed 211480K, reserved 1220608K
  class space    used 39369K, capacity 39973K, committed 39984K, reserved 1048576K
Event: 833.783 GC heap after
Heap after GC invocations=27 (full 5):
 PSYoungGen      total 273408K, used 48694K [0x00000000eab00000, 0x00000000ffa00000, 0x0000000100000000)
  eden space 224256K, 0% used [0x00000000eab00000,0x00000000eab00000,0x00000000f8600000)
  from space 49152K, 99% used [0x00000000fbd80000,0x00000000fed0d920,0x00000000fed80000)
  to   space 56832K, 0% used [0x00000000f8600000,0x00000000f8600000,0x00000000fbd80000)
 ParOldGen       total 296448K, used 116761K [0x00000000c0000000, 0x00000000d2180000, 0x00000000eab00000)
  object space 296448K, 39% used [0x00000000c0000000,0x00000000c72067a0,0x00000000d2180000)
 Metaspace       used 209331K, capacity 211188K, committed 211480K, reserved 1220608K
  class space    used 39369K, capacity 39973K, committed 39984K, reserved 1048576K
}
Event: 939.106 GC heap before
{Heap before GC invocations=28 (full 5):
 PSYoungGen      total 273408K, used 272950K [0x00000000eab00000, 0x00000000ffa00000, 0x0000000100000000)
  eden space 224256K, 100% used [0x00000000eab00000,0x00000000f8600000,0x00000000f8600000)
  from space 49152K, 99% used [0x00000000fbd80000,0x00000000fed0d920,0x00000000fed80000)
  to   space 56832K, 0% used [0x00000000f8600000,0x00000000f8600000,0x00000000fbd80000)
 ParOldGen       total 296448K, used 116761K [0x00000000c0000000, 0x00000000d2180000, 0x00000000eab00000)
  object space 296448K, 39% used [0x00000000c0000000,0x00000000c72067a0,0x00000000d2180000)
 Metaspace       used 233045K, capacity 235048K, committed 235160K, reserved 1239040K
  class space    used 44077K, capacity 44700K, committed 44720K, reserved 1048576K
Event: 939.231 GC heap after
Heap after GC invocations=28 (full 5):
 PSYoungGen      total 281088K, used 56824K [0x00000000eab00000, 0x0000000100000000, 0x0000000100000000)
  eden space 224256K, 0% used [0x00000000eab00000,0x00000000eab00000,0x00000000f8600000)
  from space 56832K, 99% used [0x00000000f8600000,0x00000000fbd7e210,0x00000000fbd80000)
  to   space 68096K, 0% used [0x00000000fbd80000,0x00000000fbd80000,0x0000000100000000)
 ParOldGen       total 296448K, used 125233K [0x00000000c0000000, 0x00000000d2180000, 0x00000000eab00000)
  object space 296448K, 42% used [0x00000000c0000000,0x00000000c7a4c6f0,0x00000000d2180000)
 Metaspace       used 233045K, capacity 235048K, committed 235160K, reserved 1239040K
  class space    used 44077K, capacity 44700K, committed 44720K, reserved 1048576K
}
Event: 1029.060 GC heap before
{Heap before GC invocations=29 (full 5):
 PSYoungGen      total 281088K, used 281080K [0x00000000eab00000, 0x0000000100000000, 0x0000000100000000)
  eden space 224256K, 100% used [0x00000000eab00000,0x00000000f8600000,0x00000000f8600000)
  from space 56832K, 99% used [0x00000000f8600000,0x00000000fbd7e210,0x00000000fbd80000)
  to   space 68096K, 0% used [0x00000000fbd80000,0x00000000fbd80000,0x0000000100000000)
 ParOldGen       total 296448K, used 125233K [0x00000000c0000000, 0x00000000d2180000, 0x00000000eab00000)
  object space 296448K, 42% used [0x00000000c0000000,0x00000000c7a4c6f0,0x00000000d2180000)
 Metaspace       used 255016K, capacity 257078K, committed 257432K, reserved 1257472K
  class space    used 48345K, capacity 49010K, committed 49072K, reserved 1048576K
Event: 1029.228 GC heap after
Heap after GC invocations=29 (full 5):
 PSYoungGen      total 261632K, used 63529K [0x00000000eab00000, 0x0000000100000000, 0x0000000100000000)
  eden space 193536K, 0% used [0x00000000eab00000,0x00000000eab00000,0x00000000f6800000)
  from space 68096K, 93% used [0x00000000fbd80000,0x00000000ffb8a468,0x0000000100000000)
  to   space 77824K, 0% used [0x00000000f6800000,0x00000000f6800000,0x00000000fb400000)
 ParOldGen       total 296448K, used 140241K [0x00000000c0000000, 0x00000000d2180000, 0x00000000eab00000)
  object space 296448K, 47% used [0x00000000c0000000,0x00000000c88f4698,0x00000000d2180000)
 Metaspace       used 255016K, capacity 257078K, committed 257432K, reserved 1257472K
  class space    used 48345K, capacity 49010K, committed 49072K, reserved 1048576K
}
Event: 1073.773 GC heap before
{Heap before GC invocations=30 (full 5):
 PSYoungGen      total 261632K, used 234145K [0x00000000eab00000, 0x0000000100000000, 0x0000000100000000)
  eden space 193536K, 88% used [0x00000000eab00000,0x00000000f519e138,0x00000000f6800000)
  from space 68096K, 93% used [0x00000000fbd80000,0x00000000ffb8a468,0x0000000100000000)
  to   space 77824K, 0% used [0x00000000f6800000,0x00000000f6800000,0x00000000fb400000)
 ParOldGen       total 296448K, used 140241K [0x00000000c0000000, 0x00000000d2180000, 0x00000000eab00000)
  object space 296448K, 47% used [0x00000000c0000000,0x00000000c88f4698,0x00000000d2180000)
 Metaspace       used 271480K, capacity 273732K, committed 273896K, reserved 1271808K
  class space    used 51546K, capacity 52232K, committed 52272K, reserved 1048576K
Event: 1073.911 GC heap after
Heap after GC invocations=30 (full 5):
 PSYoungGen      total 264704K, used 70776K [0x00000000eab00000, 0x0000000100000000, 0x0000000100000000)
  eden space 193536K, 0% used [0x00000000eab00000,0x00000000eab00000,0x00000000f6800000)
  from space 71168K, 99% used [0x00000000f6800000,0x00000000fad1e0e0,0x00000000fad80000)
  to   space 84480K, 0% used [0x00000000fad80000,0x00000000fad80000,0x0000000100000000)
 ParOldGen       total 296448K, used 140344K [0x00000000c0000000, 0x00000000d2180000, 0x00000000eab00000)
  object space 296448K, 47% used [0x00000000c0000000,0x00000000c890e068,0x00000000d2180000)
 Metaspace       used 271480K, capacity 273732K, committed 273896K, reserved 1271808K
  class space    used 51546K, capacity 52232K, committed 52272K, reserved 1048576K
}
Event: 1073.912 GC heap before
{Heap before GC invocations=31 (full 6):
 PSYoungGen      total 264704K, used 70776K [0x00000000eab00000, 0x0000000100000000, 0x0000000100000000)
  eden space 193536K, 0% used [0x00000000eab00000,0x00000000eab00000,0x00000000f6800000)
  from space 71168K, 99% used [0x00000000f6800000,0x00000000fad1e0e0,0x00000000fad80000)
  to   space 84480K, 0% used [0x00000000fad80000,0x00000000fad80000,0x0000000100000000)
 ParOldGen       total 296448K, used 140344K [0x00000000c0000000, 0x00000000d2180000, 0x00000000eab00000)
  object space 296448K, 47% used [0x00000000c0000000,0x00000000c890e068,0x00000000d2180000)
 Metaspace       used 271480K, capacity 273732K, committed 273896K, reserved 1271808K
  class space    used 51546K, capacity 52232K, committed 52272K, reserved 1048576K
Event: 1075.905 GC heap after
Heap after GC invocations=31 (full 6):
 PSYoungGen      total 264704K, used 0K [0x00000000eab00000, 0x0000000100000000, 0x0000000100000000)
  eden space 193536K, 0% used [0x00000000eab00000,0x00000000eab00000,0x00000000f6800000)
  from space 71168K, 0% used [0x00000000f6800000,0x00000000f6800000,0x00000000fad80000)
  to   space 84480K, 0% used [0x00000000fad80000,0x00000000fad80000,0x0000000100000000)
 ParOldGen       total 419840K, used 188503K [0x00000000c0000000, 0x00000000d9a00000, 0x00000000eab00000)
  object space 419840K, 44% used [0x00000000c0000000,0x00000000cb815fe8,0x00000000d9a00000)
 Metaspace       used 271326K, capacity 273506K, committed 273896K, reserved 1271808K
  class space    used 51521K, capacity 52186K, committed 52272K, reserved 1048576K
}

