# JRE version: Java(TM) SE Runtime Environment (8.0_162-b12) (build 1.8.0_162-b12)
# Java VM: Java HotSpot(TM) 64-Bit Server VM (25.162-b12 mixed mode windows-amd64 compressed oops)
Heap:
 PSYoungGen      total 190464K, used 17256K [0x00000000eab00000, 0x00000000fc180000, 0x0000000100000000)
  eden space 134656K, 12% used [0x00000000eab00000,0x00000000ebbda1b8,0x00000000f2e80000)
  from space 55808K, 0% used [0x00000000f8b00000,0x00000000f8b00000,0x00000000fc180000)
  to   space 75264K, 0% used [0x00000000f2e80000,0x00000000f2e80000,0x00000000f7800000)
 ParOldGen       total 599552K, used 339676K [0x00000000c0000000, 0x00000000e4980000, 0x00000000eab00000)
  object space 599552K, 56% used [0x00000000c0000000,0x00000000d4bb7248,0x00000000e4980000)
 Metaspace       used 492720K, capacity 497028K, committed 617516K, reserved 1517568K
  class space    used 95922K, capacity 97090K, committed 149040K, reserved 1048576K
GC Heap History (10 events):
Event: 15294.951 GC heap before
{Heap before GC invocations=76 (full 7):
 PSYoungGen      total 221184K, used 176839K [0x00000000eab00000, 0x00000000fd880000, 0x0000000100000000)
  eden space 139776K, 100% used [0x00000000eab00000,0x00000000f3380000,0x00000000f3380000)
  from space 81408K, 45% used [0x00000000f8900000,0x00000000fad31e28,0x00000000fd880000)
  to   space 84480K, 0% used [0x00000000f3380000,0x00000000f3380000,0x00000000f8600000)
 ParOldGen       total 528896K, used 458191K [0x00000000c0000000, 0x00000000e0480000, 0x00000000eab00000)
  object space 528896K, 86% used [0x00000000c0000000,0x00000000dbf73e08,0x00000000e0480000)
 Metaspace       used 715772K, capacity 721292K, committed 721584K, reserved 1630208K
  class space    used 139421K, capacity 140991K, committed 141104K, reserved 1048576K
Event: 15295.084 GC heap after
Heap after GC invocations=76 (full 7):
 PSYoungGen      total 224256K, used 29768K [0x00000000eab00000, 0x00000000fe200000, 0x0000000100000000)
  eden space 139776K, 0% used [0x00000000eab00000,0x00000000eab00000,0x00000000f3380000)
  from space 84480K, 35% used [0x00000000f3380000,0x00000000f50923c0,0x00000000f8600000)
  to   space 81920K, 0% used [0x00000000f9200000,0x00000000f9200000,0x00000000fe200000)
 ParOldGen       total 528896K, used 471633K [0x00000000c0000000, 0x00000000e0480000, 0x00000000eab00000)
  object space 528896K, 89% used [0x00000000c0000000,0x00000000dcc94680,0x00000000e0480000)
 Metaspace       used 715772K, capacity 721292K, committed 721584K, reserved 1630208K
  class space    used 139421K, capacity 140991K, committed 141104K, reserved 1048576K
}
Event: 15355.287 GC heap before
{Heap before GC invocations=77 (full 7):
 PSYoungGen      total 224256K, used 169544K [0x00000000eab00000, 0x00000000fe200000, 0x0000000100000000)
  eden space 139776K, 100% used [0x00000000eab00000,0x00000000f3380000,0x00000000f3380000)
  from space 84480K, 35% used [0x00000000f3380000,0x00000000f50923c0,0x00000000f8600000)
  to   space 81920K, 0% used [0x00000000f9200000,0x00000000f9200000,0x00000000fe200000)
 ParOldGen       total 528896K, used 471633K [0x00000000c0000000, 0x00000000e0480000, 0x00000000eab00000)
  object space 528896K, 89% used [0x00000000c0000000,0x00000000dcc94680,0x00000000e0480000)
 Metaspace       used 726010K, capacity 731572K, committed 731824K, reserved 1638400K
  class space    used 140713K, capacity 142324K, committed 142384K, reserved 1048576K
Event: 15355.366 GC heap after
Heap after GC invocations=77 (full 7):
 PSYoungGen      total 198656K, used 26062K [0x00000000eab00000, 0x00000000fce00000, 0x0000000100000000)
  eden space 137216K, 0% used [0x00000000eab00000,0x00000000eab00000,0x00000000f3100000)
  from space 61440K, 42% used [0x00000000f9200000,0x00000000fab73828,0x00000000fce00000)
  to   space 80384K, 0% used [0x00000000f3100000,0x00000000f3100000,0x00000000f7f80000)
 ParOldGen       total 528896K, used 481942K [0x00000000c0000000, 0x00000000e0480000, 0x00000000eab00000)
  object space 528896K, 91% used [0x00000000c0000000,0x00000000dd6a59d0,0x00000000e0480000)
 Metaspace       used 726010K, capacity 731572K, committed 731824K, reserved 1638400K
  class space    used 140713K, capacity 142324K, committed 142384K, reserved 1048576K
}
Event: 15365.885 GC heap before
{Heap before GC invocations=78 (full 7):
 PSYoungGen      total 198656K, used 163278K [0x00000000eab00000, 0x00000000fce00000, 0x0000000100000000)
  eden space 137216K, 100% used [0x00000000eab00000,0x00000000f3100000,0x00000000f3100000)
  from space 61440K, 42% used [0x00000000f9200000,0x00000000fab73828,0x00000000fce00000)
  to   space 80384K, 0% used [0x00000000f3100000,0x00000000f3100000,0x00000000f7f80000)
 ParOldGen       total 528896K, used 481942K [0x00000000c0000000, 0x00000000e0480000, 0x00000000eab00000)
  object space 528896K, 91% used [0x00000000c0000000,0x00000000dd6a59d0,0x00000000e0480000)
 Metaspace       used 740530K, capacity 746092K, committed 746416K, reserved 1650688K
  class space    used 144000K, capacity 145600K, committed 145712K, reserved 1048576K
Event: 15366.014 GC heap after
Heap after GC invocations=78 (full 7):
 PSYoungGen      total 217600K, used 43347K [0x00000000eab00000, 0x00000000fd700000, 0x0000000100000000)
  eden space 137216K, 0% used [0x00000000eab00000,0x00000000eab00000,0x00000000f3100000)
  from space 80384K, 53% used [0x00000000f3100000,0x00000000f5b54db0,0x00000000f7f80000)
  to   space 77824K, 0% used [0x00000000f8b00000,0x00000000f8b00000,0x00000000fd700000)
 ParOldGen       total 528896K, used 481950K [0x00000000c0000000, 0x00000000e0480000, 0x00000000eab00000)
  object space 528896K, 91% used [0x00000000c0000000,0x00000000dd6a79d0,0x00000000e0480000)
 Metaspace       used 740530K, capacity 746092K, committed 746416K, reserved 1650688K
  class space    used 144000K, capacity 145600K, committed 145712K, reserved 1048576K
}
Event: 15467.599 GC heap before
{Heap before GC invocations=79 (full 7):
 PSYoungGen      total 217600K, used 178255K [0x00000000eab00000, 0x00000000fd700000, 0x0000000100000000)
  eden space 137216K, 98% used [0x00000000eab00000,0x00000000f2ebf080,0x00000000f3100000)
  from space 80384K, 53% used [0x00000000f3100000,0x00000000f5b54db0,0x00000000f7f80000)
  to   space 77824K, 0% used [0x00000000f8b00000,0x00000000f8b00000,0x00000000fd700000)
 ParOldGen       total 528896K, used 481950K [0x00000000c0000000, 0x00000000e0480000, 0x00000000eab00000)
  object space 528896K, 91% used [0x00000000c0000000,0x00000000dd6a79d0,0x00000000e0480000)
 Metaspace       used 754944K, capacity 760658K, committed 760828K, reserved 1660928K
  class space    used 147303K, capacity 148962K, committed 149040K, reserved 1048576K
Event: 15467.711 GC heap after
Heap after GC invocations=79 (full 7):
 PSYoungGen      total 190464K, used 41645K [0x00000000eab00000, 0x00000000fc180000, 0x0000000100000000)
  eden space 134656K, 0% used [0x00000000eab00000,0x00000000eab00000,0x00000000f2e80000)
  from space 55808K, 74% used [0x00000000f8b00000,0x00000000fb3ab450,0x00000000fc180000)
  to   space 75264K, 0% used [0x00000000f2e80000,0x00000000f2e80000,0x00000000f7800000)
 ParOldGen       total 528896K, used 487575K [0x00000000c0000000, 0x00000000e0480000, 0x00000000eab00000)
  object space 528896K, 92% used [0x00000000c0000000,0x00000000ddc25cc0,0x00000000e0480000)
 Metaspace       used 754944K, capacity 760658K, committed 760828K, reserved 1660928K
  class space    used 147303K, capacity 148962K, committed 149040K, reserved 1048576K
}
Event: 15467.711 GC heap before
{Heap before GC invocations=80 (full 8):
 PSYoungGen      total 190464K, used 41645K [0x00000000eab00000, 0x00000000fc180000, 0x0000000100000000)
  eden space 134656K, 0% used [0x00000000eab00000,0x00000000eab00000,0x00000000f2e80000)
  from space 55808K, 74% used [0x00000000f8b00000,0x00000000fb3ab450,0x00000000fc180000)
  to   space 75264K, 0% used [0x00000000f2e80000,0x00000000f2e80000,0x00000000f7800000)
 ParOldGen       total 528896K, used 487575K [0x00000000c0000000, 0x00000000e0480000, 0x00000000eab00000)
  object space 528896K, 92% used [0x00000000c0000000,0x00000000ddc25cc0,0x00000000e0480000)
 Metaspace       used 754944K, capacity 760658K, committed 760828K, reserved 1660928K
  class space    used 147303K, capacity 148962K, committed 149040K, reserved 1048576K
Event: 15476.771 GC heap after
Heap after GC invocations=80 (full 8):
 PSYoungGen      total 190464K, used 0K [0x00000000eab00000, 0x00000000fc180000, 0x0000000100000000)
  eden space 134656K, 0% used [0x00000000eab00000,0x00000000eab00000,0x00000000f2e80000)
  from space 55808K, 0% used [0x00000000f8b00000,0x00000000f8b00000,0x00000000fc180000)
  to   space 75264K, 0% used [0x00000000f2e80000,0x00000000f2e80000,0x00000000f7800000)
 ParOldGen       total 599552K, used 339676K [0x00000000c0000000, 0x00000000e4980000, 0x00000000eab00000)
  object space 599552K, 56% used [0x00000000c0000000,0x00000000d4bb7248,0x00000000e4980000)
 Metaspace       used 492262K, capacity 496548K, committed 617516K, reserved 1517568K
  class space    used 95876K, capacity 97058K, committed 149040K, reserved 1048576K
}

