# JRE version: Java(TM) SE Runtime Environment (8.0_162-b12) (build 1.8.0_162-b12)
# Java VM: Java HotSpot(TM) 64-Bit Server VM (25.162-b12 mixed mode windows-amd64 compressed oops)
Heap:
 PSYoungGen      total 242688K, used 1249K [0x00000000eab00000, 0x0000000100000000, 0x0000000100000000)
  eden space 162816K, 0% used [0x00000000eab00000,0x00000000eac385a0,0x00000000f4a00000)
  from space 79872K, 0% used [0x00000000fb200000,0x00000000fb200000,0x0000000100000000)
  to   space 93184K, 0% used [0x00000000f4a00000,0x00000000f4a00000,0x00000000fa500000)
 ParOldGen       total 359424K, used 184045K [0x00000000c0000000, 0x00000000d5f00000, 0x00000000eab00000)
  object space 359424K, 51% used [0x00000000c0000000,0x00000000cb3bb680,0x00000000d5f00000)
 Metaspace       used 271425K, capacity 273545K, committed 274092K, reserved 1271808K
  class space    used 51587K, capacity 52244K, committed 52396K, reserved 1048576K
GC Heap History (10 events):
Event: 1082.019 GC heap before
{Heap before GC invocations=26 (full 5):
 PSYoungGen      total 281088K, used 276871K [0x00000000eab00000, 0x0000000100000000, 0x0000000100000000)
  eden space 234496K, 100% used [0x00000000eab00000,0x00000000f9000000,0x00000000f9000000)
  from space 46592K, 90% used [0x00000000fd280000,0x00000000ffbe1dc8,0x0000000100000000)
  to   space 57344K, 0% used [0x00000000f9000000,0x00000000f9000000,0x00000000fc800000)
 ParOldGen       total 253440K, used 120286K [0x00000000c0000000, 0x00000000cf780000, 0x00000000eab00000)
  object space 253440K, 47% used [0x00000000c0000000,0x00000000c7577970,0x00000000cf780000)
 Metaspace       used 216492K, capacity 218367K, committed 218496K, reserved 1226752K
  class space    used 40735K, capacity 41319K, committed 41344K, reserved 1048576K
Event: 1082.142 GC heap after
Heap after GC invocations=26 (full 5):
 PSYoungGen      total 291328K, used 56698K [0x00000000eab00000, 0x0000000100000000, 0x0000000100000000)
  eden space 234496K, 0% used [0x00000000eab00000,0x00000000eab00000,0x00000000f9000000)
  from space 56832K, 99% used [0x00000000f9000000,0x00000000fc75ea58,0x00000000fc780000)
  to   space 57856K, 0% used [0x00000000fc780000,0x00000000fc780000,0x0000000100000000)
 ParOldGen       total 253440K, used 120388K [0x00000000c0000000, 0x00000000cf780000, 0x00000000eab00000)
  object space 253440K, 47% used [0x00000000c0000000,0x00000000c7591340,0x00000000cf780000)
 Metaspace       used 216492K, capacity 218367K, committed 218496K, reserved 1226752K
  class space    used 40735K, capacity 41319K, committed 41344K, reserved 1048576K
}
Event: 1206.343 GC heap before
{Heap before GC invocations=27 (full 5):
 PSYoungGen      total 291328K, used 291194K [0x00000000eab00000, 0x0000000100000000, 0x0000000100000000)
  eden space 234496K, 100% used [0x00000000eab00000,0x00000000f9000000,0x00000000f9000000)
  from space 56832K, 99% used [0x00000000f9000000,0x00000000fc75ea58,0x00000000fc780000)
  to   space 57856K, 0% used [0x00000000fc780000,0x00000000fc780000,0x0000000100000000)
 ParOldGen       total 253440K, used 120388K [0x00000000c0000000, 0x00000000cf780000, 0x00000000eab00000)
  object space 253440K, 47% used [0x00000000c0000000,0x00000000c7591340,0x00000000cf780000)
 Metaspace       used 238124K, capacity 240071K, committed 240256K, reserved 1245184K
  class space    used 44806K, capacity 45411K, committed 45440K, reserved 1048576K
Event: 1206.490 GC heap after
Heap after GC invocations=27 (full 5):
 PSYoungGen      total 247296K, used 57851K [0x00000000eab00000, 0x0000000100000000, 0x0000000100000000)
  eden space 189440K, 0% used [0x00000000eab00000,0x00000000eab00000,0x00000000f6400000)
  from space 57856K, 99% used [0x00000000fc780000,0x00000000ffffedb8,0x0000000100000000)
  to   space 79872K, 0% used [0x00000000f6400000,0x00000000f6400000,0x00000000fb200000)
 ParOldGen       total 253440K, used 135090K [0x00000000c0000000, 0x00000000cf780000, 0x00000000eab00000)
  object space 253440K, 53% used [0x00000000c0000000,0x00000000c83ecad0,0x00000000cf780000)
 Metaspace       used 238124K, capacity 240071K, committed 240256K, reserved 1245184K
  class space    used 44806K, capacity 45411K, committed 45440K, reserved 1048576K
}
Event: 1286.087 GC heap before
{Heap before GC invocations=28 (full 5):
 PSYoungGen      total 247296K, used 247291K [0x00000000eab00000, 0x0000000100000000, 0x0000000100000000)
  eden space 189440K, 100% used [0x00000000eab00000,0x00000000f6400000,0x00000000f6400000)
  from space 57856K, 99% used [0x00000000fc780000,0x00000000ffffedb8,0x0000000100000000)
  to   space 79872K, 0% used [0x00000000f6400000,0x00000000f6400000,0x00000000fb200000)
 ParOldGen       total 253440K, used 135090K [0x00000000c0000000, 0x00000000cf780000, 0x00000000eab00000)
  object space 253440K, 53% used [0x00000000c0000000,0x00000000c83ecad0,0x00000000cf780000)
 Metaspace       used 257802K, capacity 259867K, committed 260096K, reserved 1259520K
  class space    used 48710K, capacity 49363K, committed 49408K, reserved 1048576K
Event: 1286.275 GC heap after
Heap after GC invocations=28 (full 5):
 PSYoungGen      total 269312K, used 79871K [0x00000000eab00000, 0x0000000100000000, 0x0000000100000000)
  eden space 189440K, 0% used [0x00000000eab00000,0x00000000eab00000,0x00000000f6400000)
  from space 79872K, 99% used [0x00000000f6400000,0x00000000fb1fff38,0x00000000fb200000)
  to   space 79872K, 0% used [0x00000000fb200000,0x00000000fb200000,0x0000000100000000)
 ParOldGen       total 253440K, used 137098K [0x00000000c0000000, 0x00000000cf780000, 0x00000000eab00000)
  object space 253440K, 54% used [0x00000000c0000000,0x00000000c85e2930,0x00000000cf780000)
 Metaspace       used 257802K, capacity 259867K, committed 260096K, reserved 1259520K
  class space    used 48710K, capacity 49363K, committed 49408K, reserved 1048576K
}
Event: 1346.078 GC heap before
{Heap before GC invocations=29 (full 5):
 PSYoungGen      total 269312K, used 204467K [0x00000000eab00000, 0x0000000100000000, 0x0000000100000000)
  eden space 189440K, 65% used [0x00000000eab00000,0x00000000f24ace60,0x00000000f6400000)
  from space 79872K, 99% used [0x00000000f6400000,0x00000000fb1fff38,0x00000000fb200000)
  to   space 79872K, 0% used [0x00000000fb200000,0x00000000fb200000,0x0000000100000000)
 ParOldGen       total 253440K, used 137098K [0x00000000c0000000, 0x00000000cf780000, 0x00000000eab00000)
  object space 253440K, 54% used [0x00000000c0000000,0x00000000c85e2930,0x00000000cf780000)
 Metaspace       used 271405K, capacity 273571K, committed 273708K, reserved 1271808K
  class space    used 51581K, capacity 52264K, committed 52268K, reserved 1048576K
Event: 1346.383 GC heap after
Heap after GC invocations=29 (full 5):
 PSYoungGen      total 242688K, used 49352K [0x00000000eab00000, 0x0000000100000000, 0x0000000100000000)
  eden space 162816K, 0% used [0x00000000eab00000,0x00000000eab00000,0x00000000f4a00000)
  from space 79872K, 61% used [0x00000000fb200000,0x00000000fe2320c8,0x0000000100000000)
  to   space 93184K, 0% used [0x00000000f4a00000,0x00000000f4a00000,0x00000000fa500000)
 ParOldGen       total 253440K, used 171265K [0x00000000c0000000, 0x00000000cf780000, 0x00000000eab00000)
  object space 253440K, 67% used [0x00000000c0000000,0x00000000ca740538,0x00000000cf780000)
 Metaspace       used 271405K, capacity 273571K, committed 273708K, reserved 1271808K
  class space    used 51581K, capacity 52264K, committed 52268K, reserved 1048576K
}
Event: 1346.383 GC heap before
{Heap before GC invocations=30 (full 6):
 PSYoungGen      total 242688K, used 49352K [0x00000000eab00000, 0x0000000100000000, 0x0000000100000000)
  eden space 162816K, 0% used [0x00000000eab00000,0x00000000eab00000,0x00000000f4a00000)
  from space 79872K, 61% used [0x00000000fb200000,0x00000000fe2320c8,0x0000000100000000)
  to   space 93184K, 0% used [0x00000000f4a00000,0x00000000f4a00000,0x00000000fa500000)
 ParOldGen       total 253440K, used 171265K [0x00000000c0000000, 0x00000000cf780000, 0x00000000eab00000)
  object space 253440K, 67% used [0x00000000c0000000,0x00000000ca740538,0x00000000cf780000)
 Metaspace       used 271405K, capacity 273571K, committed 273708K, reserved 1271808K
  class space    used 51581K, capacity 52264K, committed 52268K, reserved 1048576K
Event: 1348.858 GC heap after
Heap after GC invocations=30 (full 6):
 PSYoungGen      total 242688K, used 0K [0x00000000eab00000, 0x0000000100000000, 0x0000000100000000)
  eden space 162816K, 0% used [0x00000000eab00000,0x00000000eab00000,0x00000000f4a00000)
  from space 79872K, 0% used [0x00000000fb200000,0x00000000fb200000,0x0000000100000000)
  to   space 93184K, 0% used [0x00000000f4a00000,0x00000000f4a00000,0x00000000fa500000)
 ParOldGen       total 359424K, used 184045K [0x00000000c0000000, 0x00000000d5f00000, 0x00000000eab00000)
  object space 359424K, 51% used [0x00000000c0000000,0x00000000cb3bb680,0x00000000d5f00000)
 Metaspace       used 271238K, capacity 273321K, committed 273708K, reserved 1271808K
  class space    used 51553K, capacity 52212K, committed 52268K, reserved 1048576K
}

