# JRE version: Java(TM) SE Runtime Environment (8.0_162-b12) (build 1.8.0_162-b12)
# Java VM: Java HotSpot(TM) 64-Bit Server VM (25.162-b12 mixed mode windows-amd64 compressed oops)
Heap:
 PSYoungGen      total 242688K, used 1980K [0x00000000eab00000, 0x00000000ffe80000, 0x0000000100000000)
  eden space 230912K, 0% used [0x00000000eab00000,0x00000000eacef298,0x00000000f8c80000)
  from space 11776K, 0% used [0x00000000f8c80000,0x00000000f8c80000,0x00000000f9800000)
  to   space 58368K, 0% used [0x00000000fc580000,0x00000000fc580000,0x00000000ffe80000)
 ParOldGen       total 335872K, used 180659K [0x00000000c0000000, 0x00000000d4800000, 0x00000000eab00000)
  object space 335872K, 53% used [0x00000000c0000000,0x00000000cb06cdb8,0x00000000d4800000)
 Metaspace       used 271386K, capacity 273674K, committed 274164K, reserved 1271808K
  class space    used 51777K, capacity 52436K, committed 52524K, reserved 1048576K
GC Heap History (10 events):
Event: 687.809 GC heap before
{Heap before GC invocations=27 (full 5):
 PSYoungGen      total 292864K, used 292807K [0x00000000eab00000, 0x0000000100000000, 0x0000000100000000)
  eden space 250880K, 100% used [0x00000000eab00000,0x00000000fa000000,0x00000000fa000000)
  from space 41984K, 99% used [0x00000000fa000000,0x00000000fc8f1f88,0x00000000fc900000)
  to   space 53248K, 0% used [0x00000000fcc00000,0x00000000fcc00000,0x0000000100000000)
 ParOldGen       total 241152K, used 105781K [0x00000000c0000000, 0x00000000ceb80000, 0x00000000eab00000)
  object space 241152K, 43% used [0x00000000c0000000,0x00000000c674d728,0x00000000ceb80000)
 Metaspace       used 216372K, capacity 218336K, committed 218540K, reserved 1226752K
  class space    used 40765K, capacity 41351K, committed 41388K, reserved 1048576K
Event: 687.950 GC heap after
Heap after GC invocations=27 (full 5):
 PSYoungGen      total 288768K, used 40010K [0x00000000eab00000, 0x0000000100000000, 0x0000000100000000)
  eden space 235520K, 0% used [0x00000000eab00000,0x00000000eab00000,0x00000000f9100000)
  from space 53248K, 75% used [0x00000000fcc00000,0x00000000ff312bd0,0x0000000100000000)
  to   space 56832K, 0% used [0x00000000f9100000,0x00000000f9100000,0x00000000fc880000)
 ParOldGen       total 241152K, used 123351K [0x00000000c0000000, 0x00000000ceb80000, 0x00000000eab00000)
  object space 241152K, 51% used [0x00000000c0000000,0x00000000c7875e20,0x00000000ceb80000)
 Metaspace       used 216372K, capacity 218336K, committed 218540K, reserved 1226752K
  class space    used 40765K, capacity 41351K, committed 41388K, reserved 1048576K
}
Event: 933.352 GC heap before
{Heap before GC invocations=28 (full 5):
 PSYoungGen      total 288768K, used 275530K [0x00000000eab00000, 0x0000000100000000, 0x0000000100000000)
  eden space 235520K, 100% used [0x00000000eab00000,0x00000000f9100000,0x00000000f9100000)
  from space 53248K, 75% used [0x00000000fcc00000,0x00000000ff312bd0,0x0000000100000000)
  to   space 56832K, 0% used [0x00000000f9100000,0x00000000f9100000,0x00000000fc880000)
 ParOldGen       total 241152K, used 123351K [0x00000000c0000000, 0x00000000ceb80000, 0x00000000eab00000)
  object space 241152K, 51% used [0x00000000c0000000,0x00000000c7875e20,0x00000000ceb80000)
 Metaspace       used 238916K, capacity 241032K, committed 241452K, reserved 1245184K
  class space    used 44927K, capacity 45539K, committed 45612K, reserved 1048576K
Event: 933.457 GC heap after
Heap after GC invocations=28 (full 5):
 PSYoungGen      total 274432K, used 38452K [0x00000000eab00000, 0x0000000100000000, 0x0000000100000000)
  eden space 235520K, 0% used [0x00000000eab00000,0x00000000eab00000,0x00000000f9100000)
  from space 38912K, 98% used [0x00000000f9100000,0x00000000fb68d148,0x00000000fb700000)
  to   space 59392K, 0% used [0x00000000fc600000,0x00000000fc600000,0x0000000100000000)
 ParOldGen       total 241152K, used 141120K [0x00000000c0000000, 0x00000000ceb80000, 0x00000000eab00000)
  object space 241152K, 58% used [0x00000000c0000000,0x00000000c89d01a0,0x00000000ceb80000)
 Metaspace       used 238916K, capacity 241032K, committed 241452K, reserved 1245184K
  class space    used 44927K, capacity 45539K, committed 45612K, reserved 1048576K
}
Event: 1127.204 GC heap before
{Heap before GC invocations=29 (full 5):
 PSYoungGen      total 274432K, used 273972K [0x00000000eab00000, 0x0000000100000000, 0x0000000100000000)
  eden space 235520K, 100% used [0x00000000eab00000,0x00000000f9100000,0x00000000f9100000)
  from space 38912K, 98% used [0x00000000f9100000,0x00000000fb68d148,0x00000000fb700000)
  to   space 59392K, 0% used [0x00000000fc600000,0x00000000fc600000,0x0000000100000000)
 ParOldGen       total 241152K, used 141120K [0x00000000c0000000, 0x00000000ceb80000, 0x00000000eab00000)
  object space 241152K, 58% used [0x00000000c0000000,0x00000000c89d01a0,0x00000000ceb80000)
 Metaspace       used 260648K, capacity 262890K, committed 263340K, reserved 1263616K
  class space    used 49050K, capacity 49727K, committed 49836K, reserved 1048576K
Event: 1127.330 GC heap after
Heap after GC invocations=29 (full 5):
 PSYoungGen      total 290304K, used 33832K [0x00000000eab00000, 0x0000000100000000, 0x0000000100000000)
  eden space 230912K, 0% used [0x00000000eab00000,0x00000000eab00000,0x00000000f8c80000)
  from space 59392K, 56% used [0x00000000fc600000,0x00000000fe70a298,0x0000000100000000)
  to   space 58880K, 0% used [0x00000000f8c80000,0x00000000f8c80000,0x00000000fc600000)
 ParOldGen       total 241152K, used 159189K [0x00000000c0000000, 0x00000000ceb80000, 0x00000000eab00000)
  object space 241152K, 66% used [0x00000000c0000000,0x00000000c9b75410,0x00000000ceb80000)
 Metaspace       used 260648K, capacity 262890K, committed 263340K, reserved 1263616K
  class space    used 49050K, capacity 49727K, committed 49836K, reserved 1048576K
}
Event: 1157.701 GC heap before
{Heap before GC invocations=30 (full 5):
 PSYoungGen      total 290304K, used 101555K [0x00000000eab00000, 0x0000000100000000, 0x0000000100000000)
  eden space 230912K, 29% used [0x00000000eab00000,0x00000000eed22ad0,0x00000000f8c80000)
  from space 59392K, 56% used [0x00000000fc600000,0x00000000fe70a298,0x0000000100000000)
  to   space 58880K, 0% used [0x00000000f8c80000,0x00000000f8c80000,0x00000000fc600000)
 ParOldGen       total 241152K, used 159189K [0x00000000c0000000, 0x00000000ceb80000, 0x00000000eab00000)
  object space 241152K, 66% used [0x00000000c0000000,0x00000000c9b75410,0x00000000ceb80000)
 Metaspace       used 271217K, capacity 273572K, committed 273780K, reserved 1271808K
  class space    used 51713K, capacity 52392K, committed 52396K, reserved 1048576K
Event: 1157.769 GC heap after
Heap after GC invocations=30 (full 5):
 PSYoungGen      total 242688K, used 11502K [0x00000000eab00000, 0x00000000ffe80000, 0x0000000100000000)
  eden space 230912K, 0% used [0x00000000eab00000,0x00000000eab00000,0x00000000f8c80000)
  from space 11776K, 97% used [0x00000000f8c80000,0x00000000f97bba08,0x00000000f9800000)
  to   space 58368K, 0% used [0x00000000fc580000,0x00000000fc580000,0x00000000ffe80000)
 ParOldGen       total 241152K, used 176157K [0x00000000c0000000, 0x00000000ceb80000, 0x00000000eab00000)
  object space 241152K, 73% used [0x00000000c0000000,0x00000000cac07518,0x00000000ceb80000)
 Metaspace       used 271217K, capacity 273572K, committed 273780K, reserved 1271808K
  class space    used 51713K, capacity 52392K, committed 52396K, reserved 1048576K
}
Event: 1157.769 GC heap before
{Heap before GC invocations=31 (full 6):
 PSYoungGen      total 242688K, used 11502K [0x00000000eab00000, 0x00000000ffe80000, 0x0000000100000000)
  eden space 230912K, 0% used [0x00000000eab00000,0x00000000eab00000,0x00000000f8c80000)
  from space 11776K, 97% used [0x00000000f8c80000,0x00000000f97bba08,0x00000000f9800000)
  to   space 58368K, 0% used [0x00000000fc580000,0x00000000fc580000,0x00000000ffe80000)
 ParOldGen       total 241152K, used 176157K [0x00000000c0000000, 0x00000000ceb80000, 0x00000000eab00000)
  object space 241152K, 73% used [0x00000000c0000000,0x00000000cac07518,0x00000000ceb80000)
 Metaspace       used 271217K, capacity 273572K, committed 273780K, reserved 1271808K
  class space    used 51713K, capacity 52392K, committed 52396K, reserved 1048576K
Event: 1159.572 GC heap after
Heap after GC invocations=31 (full 6):
 PSYoungGen      total 242688K, used 0K [0x00000000eab00000, 0x00000000ffe80000, 0x0000000100000000)
  eden space 230912K, 0% used [0x00000000eab00000,0x00000000eab00000,0x00000000f8c80000)
  from space 11776K, 0% used [0x00000000f8c80000,0x00000000f8c80000,0x00000000f9800000)
  to   space 58368K, 0% used [0x00000000fc580000,0x00000000fc580000,0x00000000ffe80000)
 ParOldGen       total 335872K, used 180659K [0x00000000c0000000, 0x00000000d4800000, 0x00000000eab00000)
  object space 335872K, 53% used [0x00000000c0000000,0x00000000cb06cdb8,0x00000000d4800000)
 Metaspace       used 271050K, capacity 273322K, committed 273780K, reserved 1271808K
  class space    used 51685K, capacity 52340K, committed 52396K, reserved 1048576K
}

