# JRE version: Java(TM) SE Runtime Environment (8.0_162-b12) (build 1.8.0_162-b12)
# Java VM: Java HotSpot(TM) 64-Bit Server VM (25.162-b12 mixed mode windows-amd64 compressed oops)
Heap:
 PSYoungGen      total 232960K, used 3425K [0x00000000eab00000, 0x0000000100000000, 0x0000000100000000)
  eden space 116736K, 2% used [0x00000000eab00000,0x00000000eae58478,0x00000000f1d00000)
  from space 116224K, 0% used [0x00000000f8e80000,0x00000000f8e80000,0x0000000100000000)
  to   space 116224K, 0% used [0x00000000f1d00000,0x00000000f1d00000,0x00000000f8e80000)
 ParOldGen       total 498688K, used 261915K [0x00000000c0000000, 0x00000000de700000, 0x00000000eab00000)
  object space 498688K, 52% used [0x00000000c0000000,0x00000000cffc6c10,0x00000000de700000)
 Metaspace       used 391933K, capacity 395748K, committed 427824K, reserved 1388544K
  class space    used 75094K, capacity 76107K, committed 87976K, reserved 1048576K
GC Heap History (10 events):
Event: 3622.327 GC heap before
{Heap before GC invocations=41 (full 6):
 PSYoungGen      total 232960K, used 221164K [0x00000000eab00000, 0x0000000100000000, 0x0000000100000000)
  eden space 116736K, 100% used [0x00000000eab00000,0x00000000f1d00000,0x00000000f1d00000)
  from space 116224K, 89% used [0x00000000f8e80000,0x00000000ff47b320,0x0000000100000000)
  to   space 116224K, 0% used [0x00000000f1d00000,0x00000000f1d00000,0x00000000f8e80000)
 ParOldGen       total 400896K, used 187157K [0x00000000c0000000, 0x00000000d8780000, 0x00000000eab00000)
  object space 400896K, 46% used [0x00000000c0000000,0x00000000cb6c54b0,0x00000000d8780000)
 Metaspace       used 420475K, capacity 424578K, committed 424808K, reserved 1392640K
  class space    used 80492K, capacity 81547K, committed 81576K, reserved 1048576K
Event: 3622.742 GC heap after
Heap after GC invocations=41 (full 6):
 PSYoungGen      total 232960K, used 103349K [0x00000000eab00000, 0x0000000100000000, 0x0000000100000000)
  eden space 116736K, 0% used [0x00000000eab00000,0x00000000eab00000,0x00000000f1d00000)
  from space 116224K, 88% used [0x00000000f1d00000,0x00000000f81ed760,0x00000000f8e80000)
  to   space 116224K, 0% used [0x00000000f8e80000,0x00000000f8e80000,0x0000000100000000)
 ParOldGen       total 400896K, used 199342K [0x00000000c0000000, 0x00000000d8780000, 0x00000000eab00000)
  object space 400896K, 49% used [0x00000000c0000000,0x00000000cc2aba28,0x00000000d8780000)
 Metaspace       used 420475K, capacity 424578K, committed 424808K, reserved 1392640K
  class space    used 80492K, capacity 81547K, committed 81576K, reserved 1048576K
}
Event: 3830.481 GC heap before
{Heap before GC invocations=42 (full 6):
 PSYoungGen      total 232960K, used 220085K [0x00000000eab00000, 0x0000000100000000, 0x0000000100000000)
  eden space 116736K, 100% used [0x00000000eab00000,0x00000000f1d00000,0x00000000f1d00000)
  from space 116224K, 88% used [0x00000000f1d00000,0x00000000f81ed760,0x00000000f8e80000)
  to   space 116224K, 0% used [0x00000000f8e80000,0x00000000f8e80000,0x0000000100000000)
 ParOldGen       total 400896K, used 199342K [0x00000000c0000000, 0x00000000d8780000, 0x00000000eab00000)
  object space 400896K, 49% used [0x00000000c0000000,0x00000000cc2aba28,0x00000000d8780000)
 Metaspace       used 432999K, capacity 437124K, committed 437480K, reserved 1402880K
  class space    used 83171K, capacity 84255K, committed 84264K, reserved 1048576K
Event: 3830.679 GC heap after
Heap after GC invocations=42 (full 6):
 PSYoungGen      total 232960K, used 85653K [0x00000000eab00000, 0x0000000100000000, 0x0000000100000000)
  eden space 116736K, 0% used [0x00000000eab00000,0x00000000eab00000,0x00000000f1d00000)
  from space 116224K, 73% used [0x00000000f8e80000,0x00000000fe225568,0x0000000100000000)
  to   space 116224K, 0% used [0x00000000f1d00000,0x00000000f1d00000,0x00000000f8e80000)
 ParOldGen       total 400896K, used 222170K [0x00000000c0000000, 0x00000000d8780000, 0x00000000eab00000)
  object space 400896K, 55% used [0x00000000c0000000,0x00000000cd8f6950,0x00000000d8780000)
 Metaspace       used 432999K, capacity 437124K, committed 437480K, reserved 1402880K
  class space    used 83171K, capacity 84255K, committed 84264K, reserved 1048576K
}
Event: 3837.477 GC heap before
{Heap before GC invocations=43 (full 6):
 PSYoungGen      total 232960K, used 202389K [0x00000000eab00000, 0x0000000100000000, 0x0000000100000000)
  eden space 116736K, 100% used [0x00000000eab00000,0x00000000f1d00000,0x00000000f1d00000)
  from space 116224K, 73% used [0x00000000f8e80000,0x00000000fe225568,0x0000000100000000)
  to   space 116224K, 0% used [0x00000000f1d00000,0x00000000f1d00000,0x00000000f8e80000)
 ParOldGen       total 400896K, used 222170K [0x00000000c0000000, 0x00000000d8780000, 0x00000000eab00000)
  object space 400896K, 55% used [0x00000000c0000000,0x00000000cd8f6950,0x00000000d8780000)
 Metaspace       used 443607K, capacity 447806K, committed 448104K, reserved 1411072K
  class space    used 84791K, capacity 85869K, committed 85928K, reserved 1048576K
Event: 3837.661 GC heap after
Heap after GC invocations=43 (full 6):
 PSYoungGen      total 232960K, used 74620K [0x00000000eab00000, 0x0000000100000000, 0x0000000100000000)
  eden space 116736K, 0% used [0x00000000eab00000,0x00000000eab00000,0x00000000f1d00000)
  from space 116224K, 64% used [0x00000000f1d00000,0x00000000f65df098,0x00000000f8e80000)
  to   space 116224K, 0% used [0x00000000f8e80000,0x00000000f8e80000,0x0000000100000000)
 ParOldGen       total 400896K, used 243336K [0x00000000c0000000, 0x00000000d8780000, 0x00000000eab00000)
  object space 400896K, 60% used [0x00000000c0000000,0x00000000ceda2398,0x00000000d8780000)
 Metaspace       used 443607K, capacity 447806K, committed 448104K, reserved 1411072K
  class space    used 84791K, capacity 85869K, committed 85928K, reserved 1048576K
}
Event: 3876.622 GC heap before
{Heap before GC invocations=44 (full 6):
 PSYoungGen      total 232960K, used 142054K [0x00000000eab00000, 0x0000000100000000, 0x0000000100000000)
  eden space 116736K, 57% used [0x00000000eab00000,0x00000000eecda918,0x00000000f1d00000)
  from space 116224K, 64% used [0x00000000f1d00000,0x00000000f65df098,0x00000000f8e80000)
  to   space 116224K, 0% used [0x00000000f8e80000,0x00000000f8e80000,0x0000000100000000)
 ParOldGen       total 400896K, used 243336K [0x00000000c0000000, 0x00000000d8780000, 0x00000000eab00000)
  object space 400896K, 60% used [0x00000000c0000000,0x00000000ceda2398,0x00000000d8780000)
 Metaspace       used 452118K, capacity 456306K, committed 456496K, reserved 1417216K
  class space    used 86838K, capacity 87957K, committed 87976K, reserved 1048576K
Event: 3876.804 GC heap after
Heap after GC invocations=44 (full 6):
 PSYoungGen      total 232960K, used 49526K [0x00000000eab00000, 0x0000000100000000, 0x0000000100000000)
  eden space 116736K, 0% used [0x00000000eab00000,0x00000000eab00000,0x00000000f1d00000)
  from space 116224K, 42% used [0x00000000f8e80000,0x00000000fbedd970,0x0000000100000000)
  to   space 116224K, 0% used [0x00000000f1d00000,0x00000000f1d00000,0x00000000f8e80000)
 ParOldGen       total 400896K, used 266879K [0x00000000c0000000, 0x00000000d8780000, 0x00000000eab00000)
  object space 400896K, 66% used [0x00000000c0000000,0x00000000d049fd70,0x00000000d8780000)
 Metaspace       used 452118K, capacity 456306K, committed 456496K, reserved 1417216K
  class space    used 86838K, capacity 87957K, committed 87976K, reserved 1048576K
}
Event: 3876.804 GC heap before
{Heap before GC invocations=45 (full 7):
 PSYoungGen      total 232960K, used 49526K [0x00000000eab00000, 0x0000000100000000, 0x0000000100000000)
  eden space 116736K, 0% used [0x00000000eab00000,0x00000000eab00000,0x00000000f1d00000)
  from space 116224K, 42% used [0x00000000f8e80000,0x00000000fbedd970,0x0000000100000000)
  to   space 116224K, 0% used [0x00000000f1d00000,0x00000000f1d00000,0x00000000f8e80000)
 ParOldGen       total 400896K, used 266879K [0x00000000c0000000, 0x00000000d8780000, 0x00000000eab00000)
  object space 400896K, 66% used [0x00000000c0000000,0x00000000d049fd70,0x00000000d8780000)
 Metaspace       used 452118K, capacity 456306K, committed 456496K, reserved 1417216K
  class space    used 86838K, capacity 87957K, committed 87976K, reserved 1048576K
Event: 3881.194 GC heap after
Heap after GC invocations=45 (full 7):
 PSYoungGen      total 232960K, used 0K [0x00000000eab00000, 0x0000000100000000, 0x0000000100000000)
  eden space 116736K, 0% used [0x00000000eab00000,0x00000000eab00000,0x00000000f1d00000)
  from space 116224K, 0% used [0x00000000f8e80000,0x00000000f8e80000,0x0000000100000000)
  to   space 116224K, 0% used [0x00000000f1d00000,0x00000000f1d00000,0x00000000f8e80000)
 ParOldGen       total 498688K, used 261915K [0x00000000c0000000, 0x00000000de700000, 0x00000000eab00000)
  object space 498688K, 52% used [0x00000000c0000000,0x00000000cffc6c10,0x00000000de700000)
 Metaspace       used 391413K, capacity 395204K, committed 427824K, reserved 1388544K
  class space    used 74951K, capacity 75947K, committed 87976K, reserved 1048576K
}

